Using pre-set license
Built from '2020.3/staging' branch; Version is '2020.3.18f1 (a7d1c678663c) revision 10998214'; Using compiler version '192528614'; Build Type 'Release'
OS: 'Windows 10 Pro; OS build 19042.1237; Version 2009; 64bit' Language: 'ru' Physical Memory: 16317 MB
BatchMode: 1, IsHumanControllingUs: 0, StartBugReporterOnCrash: 0, Is64bit: 1, IsPro: 0

COMMAND LINE ARGUMENTS:
E:\UnityEditor\2020.3.18f1\Editor\Unity.exe
-adb2
-batchMode
-noUpm
-name
AssetImportWorker0
-projectPath
E:/kill-me/asteroid-game
-logFile
Logs/AssetImportWorker0.log
-srvPort
63735
Successfully changed project path to: E:/kill-me/asteroid-game
E:/kill-me/asteroid-game
Using Asset Import Pipeline V2.
Refreshing native plugins compatible for Editor in 25.32 ms, found 2 plugins.
Preloading 0 native plugins for Editor in 0.00 ms.
Initialize engine version: 2020.3.18f1 (a7d1c678663c)
[Subsystems] Discovering subsystems at path E:/UnityEditor/2020.3.18f1/Editor/Data/Resources/UnitySubsystems
[Subsystems] Discovering subsystems at path E:/kill-me/asteroid-game/Assets
GfxDevice: creating device client; threaded=0
Direct3D:
    Version:  Direct3D 11.0 [level 11.1]
    Renderer: Radeon RX550/550 Series (ID=0x699f)
    Vendor:   
    VRAM:     4076 MB
    Driver:   27.20.14535.3005
Initialize mono
Mono path[0] = 'E:/UnityEditor/2020.3.18f1/Editor/Data/Managed'
Mono path[1] = 'E:/UnityEditor/2020.3.18f1/Editor/Data/MonoBleedingEdge/lib/mono/unityjit'
Mono config path = 'E:/UnityEditor/2020.3.18f1/Editor/Data/MonoBleedingEdge/etc'
Using monoOptions --debugger-agent=transport=dt_socket,embedding=1,server=y,suspend=n,address=127.0.0.1:56476
Begin MonoManager ReloadAssembly
Registering precompiled unity dll's ...
Register platform support module: E:/UnityEditor/2020.3.18f1/Editor/Data/PlaybackEngines/WindowsStandaloneSupport/UnityEditor.WindowsStandalone.Extensions.dll
Registered in 0.000942 seconds.
Native extension for WindowsStandalone target not found
Refreshing native plugins compatible for Editor in 24.77 ms, found 2 plugins.
Preloading 0 native plugins for Editor in 0.00 ms.
Mono: successfully reloaded assembly
- Completed reload, in  1.696 seconds
Domain Reload Profiling:
	ReloadAssembly (1696ms)
		BeginReloadAssembly (54ms)
			ExecutionOrderSort (0ms)
			DisableScriptedObjects (0ms)
			BackupInstance (0ms)
			ReleaseScriptingObjects (0ms)
			CreateAndSetChildDomain (1ms)
		EndReloadAssembly (311ms)
			LoadAssemblies (53ms)
			RebuildTransferFunctionScriptingTraits (0ms)
			SetupTypeCache (115ms)
			ReleaseScriptCaches (0ms)
			RebuildScriptCaches (25ms)
			SetupLoadedEditorAssemblies (120ms)
				LogAssemblyErrors (0ms)
				InitializePlatformSupportModulesInManaged (3ms)
				SetLoadedEditorAssemblies (0ms)
				RefreshPlugins (25ms)
				BeforeProcessingInitializeOnLoad (13ms)
				ProcessInitializeOnLoadAttributes (58ms)
				ProcessInitializeOnLoadMethodAttributes (21ms)
				AfterProcessingInitializeOnLoad (0ms)
				EditorAssembliesLoaded (0ms)
			ExecutionOrderSort2 (0ms)
			AwakeInstancesAfterBackupRestoration (0ms)
Platform modules already initialized, skipping
Registering precompiled user dll's ...
Registered in 0.001934 seconds.
Begin MonoManager ReloadAssembly
Native extension for WindowsStandalone target not found
Refreshing native plugins compatible for Editor in 0.32 ms, found 2 plugins.
Preloading 0 native plugins for Editor in 0.00 ms.
Mono: successfully reloaded assembly
- Completed reload, in  0.768 seconds
Domain Reload Profiling:
	ReloadAssembly (769ms)
		BeginReloadAssembly (127ms)
			ExecutionOrderSort (0ms)
			DisableScriptedObjects (4ms)
			BackupInstance (0ms)
			ReleaseScriptingObjects (0ms)
			CreateAndSetChildDomain (16ms)
		EndReloadAssembly (595ms)
			LoadAssemblies (79ms)
			RebuildTransferFunctionScriptingTraits (0ms)
			SetupTypeCache (202ms)
			ReleaseScriptCaches (0ms)
			RebuildScriptCaches (33ms)
			SetupLoadedEditorAssemblies (223ms)
				LogAssemblyErrors (0ms)
				InitializePlatformSupportModulesInManaged (4ms)
				SetLoadedEditorAssemblies (0ms)
				RefreshPlugins (0ms)
				BeforeProcessingInitializeOnLoad (55ms)
				ProcessInitializeOnLoadAttributes (158ms)
				ProcessInitializeOnLoadMethodAttributes (3ms)
				AfterProcessingInitializeOnLoad (2ms)
				EditorAssembliesLoaded (0ms)
			ExecutionOrderSort2 (0ms)
			AwakeInstancesAfterBackupRestoration (5ms)
Platform modules already initialized, skipping
========================================================================
Worker process is ready to serve import requests
Launched and connected shader compiler UnityShaderCompiler.exe after 0.04 seconds
Refreshing native plugins compatible for Editor in 0.32 ms, found 2 plugins.
Preloading 0 native plugins for Editor in 0.00 ms.
Unloading 1418 Unused Serialized files (Serialized files now loaded: 0)
System memory in use before: 65.8 MB.
System memory in use after: 65.9 MB.

Unloading 16 unused Assets to reduce memory usage. Loaded Objects now: 1856.
Total: 2.955900 ms (FindLiveObjects: 0.175100 ms CreateObjectMapping: 0.034500 ms MarkObjects: 2.672300 ms  DeleteObjects: 0.072600 ms)

AssetImportParameters requested are different than current active one (requested -> active):
  custom:framework-win-MediaFoundation: 216162199b28c13a410421893ffa2e32 -> 
  custom:video-decoder-ogg-theora: a1e56fd34408186e4bbccfd4996cb3dc -> 
  custom:container-muxer-webm: aa71ff27fc2769a1b78a27578f13a17b -> 
  custom:container-demuxer-webm: 4f35f7cbe854078d1ac9338744f61a02 -> 
  custom:container-demuxer-ogg: 62fdf1f143b41e24485cea50d1cbac27 -> 
  custom:video-encoder-webm-vp8: eb34c28f22e8b96e1ab97ce403110664 -> 
  custom:video-codec-MediaFoundation-h265: 746d11721c4dcdbdad8f713fa42b33f4 -> 
  custom:video-decoder-webm-vp8: 9c59270c3fd7afecdb556c50c9e8de78 -> 
  custom:audio-decoder-ogg-vorbis: bf7c407c2cedff20999df2af8eb42d56 -> 
  custom:audio-encoder-webm-vorbis: bf7c407c2cedff20999df2af8eb42d56 -> 
========================================================================
Received Import Request.
  path: Assets/GameEntities/Collidable.cs
  artifactKey: Guid(72b032eb821338247a1f19080f359eab) Importer(815301076,1909f56bfc062723c751e8b465ee728b)
Start importing Assets/GameEntities/Collidable.cs using Guid(72b032eb821338247a1f19080f359eab) Importer(815301076,1909f56bfc062723c751e8b465ee728b)  -> (artifact id: 'ec216122b0cb459fa86e0dab75647ccf') in 0.040993 seconds 
  Import took 0.043190 seconds .

========================================================================
Received Import Request.
  Time since last request: 69.967243 seconds.
  path: Assets/GameEntities/Collidable.cs
  artifactKey: Guid(72b032eb821338247a1f19080f359eab) Importer(815301076,1909f56bfc062723c751e8b465ee728b)
Start importing Assets/GameEntities/Collidable.cs using Guid(72b032eb821338247a1f19080f359eab) Importer(815301076,1909f56bfc062723c751e8b465ee728b)  -> (artifact id: '1a58359651771d186626f383718006fd') in 0.001719 seconds 
  Import took 0.004081 seconds .

========================================================================
Received Import Request.
  Time since last request: 0.001201 seconds.
  path: Assets/GameEntities/Collidable.cs
  artifactKey: Guid(72b032eb821338247a1f19080f359eab) Importer(815301076,1909f56bfc062723c751e8b465ee728b)
Start importing Assets/GameEntities/Collidable.cs using Guid(72b032eb821338247a1f19080f359eab) Importer(815301076,1909f56bfc062723c751e8b465ee728b)  -> (artifact id: '1a58359651771d186626f383718006fd') in 0.002385 seconds 
  Import took 0.004634 seconds .

========================================================================
Received Import Request.
  Time since last request: 2.670237 seconds.
  path: Assets/GameEntities/Collidable.cs
  artifactKey: Guid(72b032eb821338247a1f19080f359eab) Importer(815301076,1909f56bfc062723c751e8b465ee728b)
Start importing Assets/GameEntities/Collidable.cs using Guid(72b032eb821338247a1f19080f359eab) Importer(815301076,1909f56bfc062723c751e8b465ee728b)  -> (artifact id: '5caf5025165a33451e3035be7d23bff0') in 0.002091 seconds 
  Import took 0.004752 seconds .

========================================================================
Received Import Request.
  Time since last request: 10.191465 seconds.
  path: Assets/GameEntities/Collidable.cs
  artifactKey: Guid(72b032eb821338247a1f19080f359eab) Importer(815301076,1909f56bfc062723c751e8b465ee728b)
Start importing Assets/GameEntities/Collidable.cs using Guid(72b032eb821338247a1f19080f359eab) Importer(815301076,1909f56bfc062723c751e8b465ee728b)  -> (artifact id: 'ebc663029385b380e3434a08806808f6') in 0.002242 seconds 
  Import took 0.004861 seconds .

========================================================================
Received Import Request.
  Time since last request: 15.643299 seconds.
  path: Assets/GameEntities/Collidable.cs
  artifactKey: Guid(72b032eb821338247a1f19080f359eab) Importer(815301076,1909f56bfc062723c751e8b465ee728b)
Start importing Assets/GameEntities/Collidable.cs using Guid(72b032eb821338247a1f19080f359eab) Importer(815301076,1909f56bfc062723c751e8b465ee728b)  -> (artifact id: '2137bd1bbbf7cedd8880f9b520a345eb') in 0.001569 seconds 
  Import took 0.003539 seconds .

========================================================================
Received Import Request.
  Time since last request: 0.010777 seconds.
  path: Assets/GameEntities/Collidable.cs
  artifactKey: Guid(72b032eb821338247a1f19080f359eab) Importer(815301076,1909f56bfc062723c751e8b465ee728b)
Start importing Assets/GameEntities/Collidable.cs using Guid(72b032eb821338247a1f19080f359eab) Importer(815301076,1909f56bfc062723c751e8b465ee728b)  -> (artifact id: '2137bd1bbbf7cedd8880f9b520a345eb') in 0.002642 seconds 
  Import took 0.004743 seconds .

========================================================================
Received Import Request.
  Time since last request: 48.842563 seconds.
  path: Assets/GameEntities/Collidable.cs
  artifactKey: Guid(72b032eb821338247a1f19080f359eab) Importer(815301076,1909f56bfc062723c751e8b465ee728b)
Start importing Assets/GameEntities/Collidable.cs using Guid(72b032eb821338247a1f19080f359eab) Importer(815301076,1909f56bfc062723c751e8b465ee728b)  -> (artifact id: '6d78a016680f85e6c19ec2933c30d575') in 0.001703 seconds 
  Import took 0.003674 seconds .

========================================================================
Received Import Request.
  Time since last request: 0.001198 seconds.
  path: Assets/GameEntities/Collidable.cs
  artifactKey: Guid(72b032eb821338247a1f19080f359eab) Importer(815301076,1909f56bfc062723c751e8b465ee728b)
Start importing Assets/GameEntities/Collidable.cs using Guid(72b032eb821338247a1f19080f359eab) Importer(815301076,1909f56bfc062723c751e8b465ee728b)  -> (artifact id: '6d78a016680f85e6c19ec2933c30d575') in 0.002627 seconds 
  Import took 0.004738 seconds .

========================================================================
Received Import Request.
  Time since last request: 1759.471151 seconds.
  path: Assets/GameEntities/Collidable.cs
  artifactKey: Guid(72b032eb821338247a1f19080f359eab) Importer(815301076,1909f56bfc062723c751e8b465ee728b)
Start importing Assets/GameEntities/Collidable.cs using Guid(72b032eb821338247a1f19080f359eab) Importer(815301076,1909f56bfc062723c751e8b465ee728b)  -> (artifact id: '5e860e0fc92180dc50d4f710ed24a6bf') in 0.001906 seconds 
  Import took 0.004303 seconds .

========================================================================
Received Import Request.
  Time since last request: 0.203148 seconds.
  path: Assets/GameEntities/Collidable.cs
  artifactKey: Guid(72b032eb821338247a1f19080f359eab) Importer(815301076,1909f56bfc062723c751e8b465ee728b)
Start importing Assets/GameEntities/Collidable.cs using Guid(72b032eb821338247a1f19080f359eab) Importer(815301076,1909f56bfc062723c751e8b465ee728b)  -> (artifact id: '5e860e0fc92180dc50d4f710ed24a6bf') in 0.003059 seconds 
  Import took 0.005753 seconds .

========================================================================
Received Import Request.
  Time since last request: 2.114391 seconds.
  path: Assets/GameEntities/Collidable.cs
  artifactKey: Guid(72b032eb821338247a1f19080f359eab) Importer(815301076,1909f56bfc062723c751e8b465ee728b)
Start importing Assets/GameEntities/Collidable.cs using Guid(72b032eb821338247a1f19080f359eab) Importer(815301076,1909f56bfc062723c751e8b465ee728b)  -> (artifact id: '490dd98f7a224bf1d9dc4cbddebac16c') in 0.003025 seconds 
  Import took 0.005162 seconds .

========================================================================
Received Import Request.
  Time since last request: 488.975610 seconds.
  path: Assets/GameEntities/Collidable.cs
  artifactKey: Guid(72b032eb821338247a1f19080f359eab) Importer(815301076,1909f56bfc062723c751e8b465ee728b)
Start importing Assets/GameEntities/Collidable.cs using Guid(72b032eb821338247a1f19080f359eab) Importer(815301076,1909f56bfc062723c751e8b465ee728b)  -> (artifact id: '8e11f45a234f57c28856028a5af29041') in 0.002186 seconds 
  Import took 0.004559 seconds .

========================================================================
Received Import Request.
  Time since last request: 0.001939 seconds.
  path: Assets/GameEntities/Collidable.cs
  artifactKey: Guid(72b032eb821338247a1f19080f359eab) Importer(815301076,1909f56bfc062723c751e8b465ee728b)
Start importing Assets/GameEntities/Collidable.cs using Guid(72b032eb821338247a1f19080f359eab) Importer(815301076,1909f56bfc062723c751e8b465ee728b)  -> (artifact id: '8e11f45a234f57c28856028a5af29041') in 0.002628 seconds 
  Import took 0.004854 seconds .

========================================================================
Received Import Request.
  Time since last request: 951.373770 seconds.
  path: Assets/GameEntities/Collidable.cs
  artifactKey: Guid(72b032eb821338247a1f19080f359eab) Importer(815301076,1909f56bfc062723c751e8b465ee728b)
Start importing Assets/GameEntities/Collidable.cs using Guid(72b032eb821338247a1f19080f359eab) Importer(815301076,1909f56bfc062723c751e8b465ee728b)  -> (artifact id: 'f012f45b05ee11e336398754d0018f35') in 0.001837 seconds 
  Import took 0.004417 seconds .

========================================================================
Received Import Request.
  Time since last request: 0.021990 seconds.
  path: Assets/GameEntities/Collidable.cs
  artifactKey: Guid(72b032eb821338247a1f19080f359eab) Importer(815301076,1909f56bfc062723c751e8b465ee728b)
Start importing Assets/GameEntities/Collidable.cs using Guid(72b032eb821338247a1f19080f359eab) Importer(815301076,1909f56bfc062723c751e8b465ee728b)  -> (artifact id: 'f012f45b05ee11e336398754d0018f35') in 0.002839 seconds 
  Import took 0.005447 seconds .

========================================================================
Received Import Request.
  Time since last request: 0.558160 seconds.
  path: Assets/GameEntities/Collidable.cs
  artifactKey: Guid(72b032eb821338247a1f19080f359eab) Importer(815301076,1909f56bfc062723c751e8b465ee728b)
Start importing Assets/GameEntities/Collidable.cs using Guid(72b032eb821338247a1f19080f359eab) Importer(815301076,1909f56bfc062723c751e8b465ee728b)  -> (artifact id: '98d181c180240fb8669c5afc919ff88f') in 0.001867 seconds 
  Import took 0.004249 seconds .

========================================================================
Received Import Request.
  Time since last request: 0.001686 seconds.
  path: Assets/GameEntities/Collidable.cs
  artifactKey: Guid(72b032eb821338247a1f19080f359eab) Importer(815301076,1909f56bfc062723c751e8b465ee728b)
Start importing Assets/GameEntities/Collidable.cs using Guid(72b032eb821338247a1f19080f359eab) Importer(815301076,1909f56bfc062723c751e8b465ee728b)  -> (artifact id: '98d181c180240fb8669c5afc919ff88f') in 0.002667 seconds 
  Import took 0.004766 seconds .

========================================================================
Received Import Request.
  Time since last request: 0.569605 seconds.
  path: Assets/GameEntities/Collidable.cs
  artifactKey: Guid(72b032eb821338247a1f19080f359eab) Importer(815301076,1909f56bfc062723c751e8b465ee728b)
Start importing Assets/GameEntities/Collidable.cs using Guid(72b032eb821338247a1f19080f359eab) Importer(815301076,1909f56bfc062723c751e8b465ee728b)  -> (artifact id: 'ceee1d8751cacc1eecf6ef24ef1cf5a6') in 0.001964 seconds 
  Import took 0.004744 seconds .

========================================================================
Received Import Request.
  Time since last request: 0.002041 seconds.
  path: Assets/GameEntities/Collidable.cs
  artifactKey: Guid(72b032eb821338247a1f19080f359eab) Importer(815301076,1909f56bfc062723c751e8b465ee728b)
Start importing Assets/GameEntities/Collidable.cs using Guid(72b032eb821338247a1f19080f359eab) Importer(815301076,1909f56bfc062723c751e8b465ee728b)  -> (artifact id: 'ceee1d8751cacc1eecf6ef24ef1cf5a6') in 0.002781 seconds 
  Import took 0.005705 seconds .

========================================================================
Received Prepare
Registering precompiled user dll's ...
Registered in 0.002017 seconds.
Begin MonoManager ReloadAssembly
Native extension for WindowsStandalone target not found
Refreshing native plugins compatible for Editor in 0.32 ms, found 2 plugins.
Preloading 0 native plugins for Editor in 0.00 ms.
Mono: successfully reloaded assembly
- Completed reload, in  0.751 seconds
Domain Reload Profiling:
	ReloadAssembly (752ms)
		BeginReloadAssembly (109ms)
			ExecutionOrderSort (0ms)
			DisableScriptedObjects (4ms)
			BackupInstance (0ms)
			ReleaseScriptingObjects (0ms)
			CreateAndSetChildDomain (28ms)
		EndReloadAssembly (593ms)
			LoadAssemblies (79ms)
			RebuildTransferFunctionScriptingTraits (0ms)
			SetupTypeCache (211ms)
			ReleaseScriptCaches (1ms)
			RebuildScriptCaches (30ms)
			SetupLoadedEditorAssemblies (210ms)
				LogAssemblyErrors (0ms)
				InitializePlatformSupportModulesInManaged (4ms)
				SetLoadedEditorAssemblies (0ms)
				RefreshPlugins (0ms)
				BeforeProcessingInitializeOnLoad (51ms)
				ProcessInitializeOnLoadAttributes (150ms)
				ProcessInitializeOnLoadMethodAttributes (3ms)
				AfterProcessingInitializeOnLoad (2ms)
				EditorAssembliesLoaded (0ms)
			ExecutionOrderSort2 (0ms)
			AwakeInstancesAfterBackupRestoration (5ms)
Platform modules already initialized, skipping
Refreshing native plugins compatible for Editor in 0.28 ms, found 2 plugins.
Preloading 0 native plugins for Editor in 0.00 ms.
Unloading 1412 Unused Serialized files (Serialized files now loaded: 0)
System memory in use before: 65.7 MB.
System memory in use after: 65.8 MB.

Unloading 11 unused Assets to reduce memory usage. Loaded Objects now: 1858.
Total: 2.736400 ms (FindLiveObjects: 0.163400 ms CreateObjectMapping: 0.034600 ms MarkObjects: 2.519000 ms  DeleteObjects: 0.018300 ms)

AssetImportParameters requested are different than current active one (requested -> active):
  custom:framework-win-MediaFoundation: 216162199b28c13a410421893ffa2e32 -> 
  custom:video-decoder-ogg-theora: a1e56fd34408186e4bbccfd4996cb3dc -> 
  custom:container-muxer-webm: aa71ff27fc2769a1b78a27578f13a17b -> 
  custom:container-demuxer-webm: 4f35f7cbe854078d1ac9338744f61a02 -> 
  custom:container-demuxer-ogg: 62fdf1f143b41e24485cea50d1cbac27 -> 
  custom:video-encoder-webm-vp8: eb34c28f22e8b96e1ab97ce403110664 -> 
  custom:video-codec-MediaFoundation-h265: 746d11721c4dcdbdad8f713fa42b33f4 -> 
  custom:video-decoder-webm-vp8: 9c59270c3fd7afecdb556c50c9e8de78 -> 
  custom:audio-decoder-ogg-vorbis: bf7c407c2cedff20999df2af8eb42d56 -> 
  custom:audio-encoder-webm-vorbis: bf7c407c2cedff20999df2af8eb42d56 -> 
========================================================================
Received Import Request.
  Time since last request: 522.861329 seconds.
  path: Assets/GameEntities/Collidable.cs
  artifactKey: Guid(72b032eb821338247a1f19080f359eab) Importer(815301076,1909f56bfc062723c751e8b465ee728b)
Start importing Assets/GameEntities/Collidable.cs using Guid(72b032eb821338247a1f19080f359eab) Importer(815301076,1909f56bfc062723c751e8b465ee728b)  -> (artifact id: '74b05494d4609959fcf1ebd1f564ebfd') in 0.004849 seconds 
  Import took 0.007566 seconds .

========================================================================
Received Prepare
Registering precompiled user dll's ...
Registered in 0.002453 seconds.
Begin MonoManager ReloadAssembly
Native extension for WindowsStandalone target not found
Refreshing native plugins compatible for Editor in 0.36 ms, found 2 plugins.
Preloading 0 native plugins for Editor in 0.00 ms.
Mono: successfully reloaded assembly
- Completed reload, in  0.759 seconds
Domain Reload Profiling:
	ReloadAssembly (760ms)
		BeginReloadAssembly (100ms)
			ExecutionOrderSort (0ms)
			DisableScriptedObjects (4ms)
			BackupInstance (0ms)
			ReleaseScriptingObjects (0ms)
			CreateAndSetChildDomain (29ms)
		EndReloadAssembly (607ms)
			LoadAssemblies (85ms)
			RebuildTransferFunctionScriptingTraits (0ms)
			SetupTypeCache (216ms)
			ReleaseScriptCaches (1ms)
			RebuildScriptCaches (31ms)
			SetupLoadedEditorAssemblies (211ms)
				LogAssemblyErrors (0ms)
				InitializePlatformSupportModulesInManaged (4ms)
				SetLoadedEditorAssemblies (0ms)
				RefreshPlugins (0ms)
				BeforeProcessingInitializeOnLoad (53ms)
				ProcessInitializeOnLoadAttributes (148ms)
				ProcessInitializeOnLoadMethodAttributes (3ms)
				AfterProcessingInitializeOnLoad (2ms)
				EditorAssembliesLoaded (0ms)
			ExecutionOrderSort2 (0ms)
			AwakeInstancesAfterBackupRestoration (5ms)
Platform modules already initialized, skipping
Refreshing native plugins compatible for Editor in 0.38 ms, found 2 plugins.
Preloading 0 native plugins for Editor in 0.00 ms.
Unloading 1412 Unused Serialized files (Serialized files now loaded: 0)
System memory in use before: 65.7 MB.
System memory in use after: 65.8 MB.

Unloading 11 unused Assets to reduce memory usage. Loaded Objects now: 1860.
Total: 3.175500 ms (FindLiveObjects: 0.219600 ms CreateObjectMapping: 0.034100 ms MarkObjects: 2.898100 ms  DeleteObjects: 0.021900 ms)

AssetImportParameters requested are different than current active one (requested -> active):
  custom:framework-win-MediaFoundation: 216162199b28c13a410421893ffa2e32 -> 
  custom:video-decoder-ogg-theora: a1e56fd34408186e4bbccfd4996cb3dc -> 
  custom:container-muxer-webm: aa71ff27fc2769a1b78a27578f13a17b -> 
  custom:container-demuxer-webm: 4f35f7cbe854078d1ac9338744f61a02 -> 
  custom:container-demuxer-ogg: 62fdf1f143b41e24485cea50d1cbac27 -> 
  custom:video-encoder-webm-vp8: eb34c28f22e8b96e1ab97ce403110664 -> 
  custom:video-codec-MediaFoundation-h265: 746d11721c4dcdbdad8f713fa42b33f4 -> 
  custom:video-decoder-webm-vp8: 9c59270c3fd7afecdb556c50c9e8de78 -> 
  custom:audio-decoder-ogg-vorbis: bf7c407c2cedff20999df2af8eb42d56 -> 
  custom:audio-encoder-webm-vorbis: bf7c407c2cedff20999df2af8eb42d56 -> 
========================================================================
Received Import Request.
  Time since last request: 409.660101 seconds.
  path: Assets/GameEntities/Asteroids/Asteroid.cs
  artifactKey: Guid(a72529216c6b48f40b48cf5a6dc0f344) Importer(815301076,1909f56bfc062723c751e8b465ee728b)
Start importing Assets/GameEntities/Asteroids/Asteroid.cs using Guid(a72529216c6b48f40b48cf5a6dc0f344) Importer(815301076,1909f56bfc062723c751e8b465ee728b)  -> (artifact id: '542ecda942b7392794db779c60fb875b') in 0.008611 seconds 
  Import took 0.011329 seconds .

========================================================================
Received Import Request.
  Time since last request: 0.015719 seconds.
  path: Assets/GameEntities/Asteroids/Asteroid.cs
  artifactKey: Guid(a72529216c6b48f40b48cf5a6dc0f344) Importer(815301076,1909f56bfc062723c751e8b465ee728b)
Start importing Assets/GameEntities/Asteroids/Asteroid.cs using Guid(a72529216c6b48f40b48cf5a6dc0f344) Importer(815301076,1909f56bfc062723c751e8b465ee728b)  -> (artifact id: '542ecda942b7392794db779c60fb875b') in 0.001756 seconds 
  Import took 0.003931 seconds .

========================================================================
Received Import Request.
  Time since last request: 483.919439 seconds.
  path: Assets/GameEntities/Asteroids/Asteroid.cs
  artifactKey: Guid(a72529216c6b48f40b48cf5a6dc0f344) Importer(815301076,1909f56bfc062723c751e8b465ee728b)
Start importing Assets/GameEntities/Asteroids/Asteroid.cs using Guid(a72529216c6b48f40b48cf5a6dc0f344) Importer(815301076,1909f56bfc062723c751e8b465ee728b)  -> (artifact id: '501b38925edda6b60348ab891bba9faa') in 0.002009 seconds 
  Import took 0.004454 seconds .

========================================================================
Received Prepare
Registering precompiled user dll's ...
Registered in 0.002075 seconds.
Begin MonoManager ReloadAssembly
Native extension for WindowsStandalone target not found
Refreshing native plugins compatible for Editor in 0.32 ms, found 2 plugins.
Preloading 0 native plugins for Editor in 0.00 ms.
Mono: successfully reloaded assembly
- Completed reload, in  0.765 seconds
Domain Reload Profiling:
	ReloadAssembly (765ms)
		BeginReloadAssembly (102ms)
			ExecutionOrderSort (0ms)
			DisableScriptedObjects (4ms)
			BackupInstance (0ms)
			ReleaseScriptingObjects (0ms)
			CreateAndSetChildDomain (29ms)
		EndReloadAssembly (614ms)
			LoadAssemblies (78ms)
			RebuildTransferFunctionScriptingTraits (0ms)
			SetupTypeCache (212ms)
			ReleaseScriptCaches (1ms)
			RebuildScriptCaches (39ms)
			SetupLoadedEditorAssemblies (218ms)
				LogAssemblyErrors (0ms)
				InitializePlatformSupportModulesInManaged (4ms)
				SetLoadedEditorAssemblies (0ms)
				RefreshPlugins (0ms)
				BeforeProcessingInitializeOnLoad (53ms)
				ProcessInitializeOnLoadAttributes (156ms)
				ProcessInitializeOnLoadMethodAttributes (3ms)
				AfterProcessingInitializeOnLoad (2ms)
				EditorAssembliesLoaded (0ms)
			ExecutionOrderSort2 (0ms)
			AwakeInstancesAfterBackupRestoration (5ms)
Platform modules already initialized, skipping
Refreshing native plugins compatible for Editor in 0.34 ms, found 2 plugins.
Preloading 0 native plugins for Editor in 0.00 ms.
Unloading 1412 Unused Serialized files (Serialized files now loaded: 0)
System memory in use before: 65.7 MB.
System memory in use after: 65.8 MB.

Unloading 11 unused Assets to reduce memory usage. Loaded Objects now: 1862.
Total: 2.729600 ms (FindLiveObjects: 0.175000 ms CreateObjectMapping: 0.033300 ms MarkObjects: 2.500000 ms  DeleteObjects: 0.020300 ms)

AssetImportParameters requested are different than current active one (requested -> active):
  custom:framework-win-MediaFoundation: 216162199b28c13a410421893ffa2e32 -> 
  custom:video-decoder-ogg-theora: a1e56fd34408186e4bbccfd4996cb3dc -> 
  custom:container-muxer-webm: aa71ff27fc2769a1b78a27578f13a17b -> 
  custom:container-demuxer-webm: 4f35f7cbe854078d1ac9338744f61a02 -> 
  custom:container-demuxer-ogg: 62fdf1f143b41e24485cea50d1cbac27 -> 
  custom:video-encoder-webm-vp8: eb34c28f22e8b96e1ab97ce403110664 -> 
  custom:video-codec-MediaFoundation-h265: 746d11721c4dcdbdad8f713fa42b33f4 -> 
  custom:video-decoder-webm-vp8: 9c59270c3fd7afecdb556c50c9e8de78 -> 
  custom:audio-decoder-ogg-vorbis: bf7c407c2cedff20999df2af8eb42d56 -> 
  custom:audio-encoder-webm-vorbis: bf7c407c2cedff20999df2af8eb42d56 -> 
========================================================================
Received Prepare
Registering precompiled user dll's ...
Registered in 0.002096 seconds.
Begin MonoManager ReloadAssembly
Native extension for WindowsStandalone target not found
Refreshing native plugins compatible for Editor in 0.32 ms, found 2 plugins.
Preloading 0 native plugins for Editor in 0.00 ms.
Mono: successfully reloaded assembly
- Completed reload, in  0.736 seconds
Domain Reload Profiling:
	ReloadAssembly (737ms)
		BeginReloadAssembly (107ms)
			ExecutionOrderSort (0ms)
			DisableScriptedObjects (4ms)
			BackupInstance (0ms)
			ReleaseScriptingObjects (0ms)
			CreateAndSetChildDomain (27ms)
		EndReloadAssembly (582ms)
			LoadAssemblies (78ms)
			RebuildTransferFunctionScriptingTraits (0ms)
			SetupTypeCache (204ms)
			ReleaseScriptCaches (1ms)
			RebuildScriptCaches (30ms)
			SetupLoadedEditorAssemblies (208ms)
				LogAssemblyErrors (0ms)
				InitializePlatformSupportModulesInManaged (4ms)
				SetLoadedEditorAssemblies (0ms)
				RefreshPlugins (0ms)
				BeforeProcessingInitializeOnLoad (51ms)
				ProcessInitializeOnLoadAttributes (148ms)
				ProcessInitializeOnLoadMethodAttributes (3ms)
				AfterProcessingInitializeOnLoad (2ms)
				EditorAssembliesLoaded (0ms)
			ExecutionOrderSort2 (0ms)
			AwakeInstancesAfterBackupRestoration (5ms)
Platform modules already initialized, skipping
Refreshing native plugins compatible for Editor in 0.32 ms, found 2 plugins.
Preloading 0 native plugins for Editor in 0.00 ms.
Unloading 1412 Unused Serialized files (Serialized files now loaded: 0)
System memory in use before: 65.7 MB.
System memory in use after: 65.8 MB.

Unloading 11 unused Assets to reduce memory usage. Loaded Objects now: 1864.
Total: 2.854400 ms (FindLiveObjects: 0.170500 ms CreateObjectMapping: 0.034100 ms MarkObjects: 2.630000 ms  DeleteObjects: 0.018600 ms)

AssetImportParameters requested are different than current active one (requested -> active):
  custom:framework-win-MediaFoundation: 216162199b28c13a410421893ffa2e32 -> 
  custom:video-decoder-ogg-theora: a1e56fd34408186e4bbccfd4996cb3dc -> 
  custom:container-muxer-webm: aa71ff27fc2769a1b78a27578f13a17b -> 
  custom:container-demuxer-webm: 4f35f7cbe854078d1ac9338744f61a02 -> 
  custom:container-demuxer-ogg: 62fdf1f143b41e24485cea50d1cbac27 -> 
  custom:video-encoder-webm-vp8: eb34c28f22e8b96e1ab97ce403110664 -> 
  custom:video-codec-MediaFoundation-h265: 746d11721c4dcdbdad8f713fa42b33f4 -> 
  custom:video-decoder-webm-vp8: 9c59270c3fd7afecdb556c50c9e8de78 -> 
  custom:audio-decoder-ogg-vorbis: bf7c407c2cedff20999df2af8eb42d56 -> 
  custom:audio-encoder-webm-vorbis: bf7c407c2cedff20999df2af8eb42d56 -> 
========================================================================
Received Import Request.
  Time since last request: 456.206909 seconds.
  path: Assets/GameEntities/Asteroids/Asteroid.cs
  artifactKey: Guid(a72529216c6b48f40b48cf5a6dc0f344) Importer(815301076,1909f56bfc062723c751e8b465ee728b)
Start importing Assets/GameEntities/Asteroids/Asteroid.cs using Guid(a72529216c6b48f40b48cf5a6dc0f344) Importer(815301076,1909f56bfc062723c751e8b465ee728b)  -> (artifact id: '5899c6b7047069cbd255233dff3e3b14') in 0.006638 seconds 
  Import took 0.008855 seconds .

========================================================================
Received Import Request.
  Time since last request: 0.001223 seconds.
  path: Assets/GameEntities/Asteroids/Asteroid.cs
  artifactKey: Guid(a72529216c6b48f40b48cf5a6dc0f344) Importer(815301076,1909f56bfc062723c751e8b465ee728b)
Start importing Assets/GameEntities/Asteroids/Asteroid.cs using Guid(a72529216c6b48f40b48cf5a6dc0f344) Importer(815301076,1909f56bfc062723c751e8b465ee728b)  -> (artifact id: '5899c6b7047069cbd255233dff3e3b14') in 0.002206 seconds 
  Import took 0.004475 seconds .

========================================================================
Received Import Request.
  Time since last request: 11.596178 seconds.
  path: Assets/GameEntities/Asteroids/Asteroid.cs
  artifactKey: Guid(a72529216c6b48f40b48cf5a6dc0f344) Importer(815301076,1909f56bfc062723c751e8b465ee728b)
Start importing Assets/GameEntities/Asteroids/Asteroid.cs using Guid(a72529216c6b48f40b48cf5a6dc0f344) Importer(815301076,1909f56bfc062723c751e8b465ee728b)  -> (artifact id: '51b8bb604fc6a5002b0251f631ccf91b') in 0.002743 seconds 
  Import took 0.005230 seconds .

========================================================================
Received Import Request.
  Time since last request: 0.002340 seconds.
  path: Assets/GameEntities/Asteroids/Asteroid.cs
  artifactKey: Guid(a72529216c6b48f40b48cf5a6dc0f344) Importer(815301076,1909f56bfc062723c751e8b465ee728b)
Start importing Assets/GameEntities/Asteroids/Asteroid.cs using Guid(a72529216c6b48f40b48cf5a6dc0f344) Importer(815301076,1909f56bfc062723c751e8b465ee728b)  -> (artifact id: '51b8bb604fc6a5002b0251f631ccf91b') in 0.001812 seconds 
  Import took 0.004066 seconds .

========================================================================
Received Import Request.
  Time since last request: 28.773571 seconds.
  path: Assets/GameEntities/Asteroids/Asteroid.cs
  artifactKey: Guid(a72529216c6b48f40b48cf5a6dc0f344) Importer(815301076,1909f56bfc062723c751e8b465ee728b)
Start importing Assets/GameEntities/Asteroids/Asteroid.cs using Guid(a72529216c6b48f40b48cf5a6dc0f344) Importer(815301076,1909f56bfc062723c751e8b465ee728b)  -> (artifact id: '40f63a9fa061ac221b4c965fcc4490fa') in 0.001654 seconds 
  Import took 0.003645 seconds .

========================================================================
Received Import Request.
  Time since last request: 13.290023 seconds.
  path: Assets/GameEntities/Asteroids/AsteroidAI.cs
  artifactKey: Guid(a72529216c6b48f40b48cf5a6dc0f344) Importer(815301076,1909f56bfc062723c751e8b465ee728b)
Start importing Assets/GameEntities/Asteroids/AsteroidAI.cs using Guid(a72529216c6b48f40b48cf5a6dc0f344) Importer(815301076,1909f56bfc062723c751e8b465ee728b)  -> (artifact id: 'e3de4dc70da73ed2bed5612b6f3c7a9f') in 0.006023 seconds 
  Import took 0.008899 seconds .

========================================================================
Received Import Request.
  Time since last request: 0.000377 seconds.
  path: Assets/GameEntities/Asteroids/AsteroidAI.cs
  artifactKey: Guid(a72529216c6b48f40b48cf5a6dc0f344) Importer(815301076,1909f56bfc062723c751e8b465ee728b)
Start importing Assets/GameEntities/Asteroids/AsteroidAI.cs using Guid(a72529216c6b48f40b48cf5a6dc0f344) Importer(815301076,1909f56bfc062723c751e8b465ee728b)  -> (artifact id: 'e3de4dc70da73ed2bed5612b6f3c7a9f') in 0.001570 seconds 
  Import took 0.003776 seconds .

========================================================================
Received Import Request.
  Time since last request: 6.152890 seconds.
  path: Assets/GameEntities/Asteroids/AsteroidAI.cs
  artifactKey: Guid(a72529216c6b48f40b48cf5a6dc0f344) Importer(815301076,1909f56bfc062723c751e8b465ee728b)
Start importing Assets/GameEntities/Asteroids/AsteroidAI.cs using Guid(a72529216c6b48f40b48cf5a6dc0f344) Importer(815301076,1909f56bfc062723c751e8b465ee728b)  -> (artifact id: '08fe2ab6e3d14f6f35f3e4cab0a13f9e') in 0.001903 seconds 
  Import took 0.004490 seconds .

========================================================================
Received Import Request.
  Time since last request: 583.039001 seconds.
  path: Assets/GameEntities/Asteroids/AsteroidAI.cs
  artifactKey: Guid(a72529216c6b48f40b48cf5a6dc0f344) Importer(815301076,1909f56bfc062723c751e8b465ee728b)
Start importing Assets/GameEntities/Asteroids/AsteroidAI.cs using Guid(a72529216c6b48f40b48cf5a6dc0f344) Importer(815301076,1909f56bfc062723c751e8b465ee728b)  -> (artifact id: '310a7f1ece7fb4656b5976f2b52eb1c0') in 0.001900 seconds 
  Import took 0.004482 seconds .

========================================================================
Received Prepare
Registering precompiled user dll's ...
Registered in 0.002008 seconds.
Begin MonoManager ReloadAssembly
Native extension for WindowsStandalone target not found
Refreshing native plugins compatible for Editor in 0.32 ms, found 2 plugins.
Preloading 0 native plugins for Editor in 0.00 ms.
Mono: successfully reloaded assembly
- Completed reload, in  0.751 seconds
Domain Reload Profiling:
	ReloadAssembly (751ms)
		BeginReloadAssembly (110ms)
			ExecutionOrderSort (0ms)
			DisableScriptedObjects (3ms)
			BackupInstance (0ms)
			ReleaseScriptingObjects (0ms)
			CreateAndSetChildDomain (27ms)
		EndReloadAssembly (593ms)
			LoadAssemblies (79ms)
			RebuildTransferFunctionScriptingTraits (0ms)
			SetupTypeCache (207ms)
			ReleaseScriptCaches (1ms)
			RebuildScriptCaches (30ms)
			SetupLoadedEditorAssemblies (212ms)
				LogAssemblyErrors (0ms)
				InitializePlatformSupportModulesInManaged (4ms)
				SetLoadedEditorAssemblies (0ms)
				RefreshPlugins (0ms)
				BeforeProcessingInitializeOnLoad (51ms)
				ProcessInitializeOnLoadAttributes (151ms)
				ProcessInitializeOnLoadMethodAttributes (3ms)
				AfterProcessingInitializeOnLoad (2ms)
				EditorAssembliesLoaded (0ms)
			ExecutionOrderSort2 (0ms)
			AwakeInstancesAfterBackupRestoration (5ms)
Platform modules already initialized, skipping
Refreshing native plugins compatible for Editor in 0.34 ms, found 2 plugins.
Preloading 0 native plugins for Editor in 0.00 ms.
Unloading 1412 Unused Serialized files (Serialized files now loaded: 0)
System memory in use before: 65.7 MB.
System memory in use after: 65.8 MB.

Unloading 11 unused Assets to reduce memory usage. Loaded Objects now: 1866.
Total: 3.296600 ms (FindLiveObjects: 0.165800 ms CreateObjectMapping: 0.032600 ms MarkObjects: 3.073600 ms  DeleteObjects: 0.023400 ms)

AssetImportParameters requested are different than current active one (requested -> active):
  custom:framework-win-MediaFoundation: 216162199b28c13a410421893ffa2e32 -> 
  custom:video-decoder-ogg-theora: a1e56fd34408186e4bbccfd4996cb3dc -> 
  custom:container-muxer-webm: aa71ff27fc2769a1b78a27578f13a17b -> 
  custom:container-demuxer-webm: 4f35f7cbe854078d1ac9338744f61a02 -> 
  custom:container-demuxer-ogg: 62fdf1f143b41e24485cea50d1cbac27 -> 
  custom:video-encoder-webm-vp8: eb34c28f22e8b96e1ab97ce403110664 -> 
  custom:video-codec-MediaFoundation-h265: 746d11721c4dcdbdad8f713fa42b33f4 -> 
  custom:video-decoder-webm-vp8: 9c59270c3fd7afecdb556c50c9e8de78 -> 
  custom:audio-decoder-ogg-vorbis: bf7c407c2cedff20999df2af8eb42d56 -> 
  custom:audio-encoder-webm-vorbis: bf7c407c2cedff20999df2af8eb42d56 -> 
========================================================================
Received Prepare
Registering precompiled user dll's ...
Registered in 0.001916 seconds.
Begin MonoManager ReloadAssembly
Native extension for WindowsStandalone target not found
Refreshing native plugins compatible for Editor in 0.32 ms, found 2 plugins.
Preloading 0 native plugins for Editor in 0.00 ms.
Mono: successfully reloaded assembly
- Completed reload, in  0.741 seconds
Domain Reload Profiling:
	ReloadAssembly (741ms)
		BeginReloadAssembly (108ms)
			ExecutionOrderSort (0ms)
			DisableScriptedObjects (4ms)
			BackupInstance (0ms)
			ReleaseScriptingObjects (0ms)
			CreateAndSetChildDomain (26ms)
		EndReloadAssembly (587ms)
			LoadAssemblies (77ms)
			RebuildTransferFunctionScriptingTraits (0ms)
			SetupTypeCache (203ms)
			ReleaseScriptCaches (1ms)
			RebuildScriptCaches (31ms)
			SetupLoadedEditorAssemblies (212ms)
				LogAssemblyErrors (0ms)
				InitializePlatformSupportModulesInManaged (4ms)
				SetLoadedEditorAssemblies (0ms)
				RefreshPlugins (0ms)
				BeforeProcessingInitializeOnLoad (52ms)
				ProcessInitializeOnLoadAttributes (150ms)
				ProcessInitializeOnLoadMethodAttributes (3ms)
				AfterProcessingInitializeOnLoad (2ms)
				EditorAssembliesLoaded (0ms)
			ExecutionOrderSort2 (0ms)
			AwakeInstancesAfterBackupRestoration (5ms)
Platform modules already initialized, skipping
Refreshing native plugins compatible for Editor in 0.32 ms, found 2 plugins.
Preloading 0 native plugins for Editor in 0.00 ms.
Unloading 1412 Unused Serialized files (Serialized files now loaded: 0)
System memory in use before: 65.7 MB.
System memory in use after: 65.9 MB.

Unloading 11 unused Assets to reduce memory usage. Loaded Objects now: 1868.
Total: 2.609000 ms (FindLiveObjects: 0.168100 ms CreateObjectMapping: 0.031100 ms MarkObjects: 2.389800 ms  DeleteObjects: 0.018900 ms)

AssetImportParameters requested are different than current active one (requested -> active):
  custom:framework-win-MediaFoundation: 216162199b28c13a410421893ffa2e32 -> 
  custom:video-decoder-ogg-theora: a1e56fd34408186e4bbccfd4996cb3dc -> 
  custom:container-muxer-webm: aa71ff27fc2769a1b78a27578f13a17b -> 
  custom:container-demuxer-webm: 4f35f7cbe854078d1ac9338744f61a02 -> 
  custom:container-demuxer-ogg: 62fdf1f143b41e24485cea50d1cbac27 -> 
  custom:video-encoder-webm-vp8: eb34c28f22e8b96e1ab97ce403110664 -> 
  custom:video-codec-MediaFoundation-h265: 746d11721c4dcdbdad8f713fa42b33f4 -> 
  custom:video-decoder-webm-vp8: 9c59270c3fd7afecdb556c50c9e8de78 -> 
  custom:audio-decoder-ogg-vorbis: bf7c407c2cedff20999df2af8eb42d56 -> 
  custom:audio-encoder-webm-vorbis: bf7c407c2cedff20999df2af8eb42d56 -> 
========================================================================
Received Prepare
Registering precompiled user dll's ...
Registered in 0.001918 seconds.
Begin MonoManager ReloadAssembly
Native extension for WindowsStandalone target not found
Refreshing native plugins compatible for Editor in 0.32 ms, found 2 plugins.
Preloading 0 native plugins for Editor in 0.00 ms.
Mono: successfully reloaded assembly
- Completed reload, in  0.738 seconds
Domain Reload Profiling:
	ReloadAssembly (738ms)
		BeginReloadAssembly (94ms)
			ExecutionOrderSort (0ms)
			DisableScriptedObjects (3ms)
			BackupInstance (0ms)
			ReleaseScriptingObjects (0ms)
			CreateAndSetChildDomain (26ms)
		EndReloadAssembly (596ms)
			LoadAssemblies (80ms)
			RebuildTransferFunctionScriptingTraits (0ms)
			SetupTypeCache (207ms)
			ReleaseScriptCaches (1ms)
			RebuildScriptCaches (31ms)
			SetupLoadedEditorAssemblies (213ms)
				LogAssemblyErrors (0ms)
				InitializePlatformSupportModulesInManaged (4ms)
				SetLoadedEditorAssemblies (0ms)
				RefreshPlugins (0ms)
				BeforeProcessingInitializeOnLoad (51ms)
				ProcessInitializeOnLoadAttributes (152ms)
				ProcessInitializeOnLoadMethodAttributes (3ms)
				AfterProcessingInitializeOnLoad (2ms)
				EditorAssembliesLoaded (0ms)
			ExecutionOrderSort2 (0ms)
			AwakeInstancesAfterBackupRestoration (5ms)
Platform modules already initialized, skipping
Refreshing native plugins compatible for Editor in 0.42 ms, found 2 plugins.
Preloading 0 native plugins for Editor in 0.00 ms.
Unloading 1412 Unused Serialized files (Serialized files now loaded: 0)
System memory in use before: 65.8 MB.
System memory in use after: 65.9 MB.

Unloading 11 unused Assets to reduce memory usage. Loaded Objects now: 1870.
Total: 2.632200 ms (FindLiveObjects: 0.164500 ms CreateObjectMapping: 0.031300 ms MarkObjects: 2.421100 ms  DeleteObjects: 0.014300 ms)

AssetImportParameters requested are different than current active one (requested -> active):
  custom:framework-win-MediaFoundation: 216162199b28c13a410421893ffa2e32 -> 
  custom:video-decoder-ogg-theora: a1e56fd34408186e4bbccfd4996cb3dc -> 
  custom:container-muxer-webm: aa71ff27fc2769a1b78a27578f13a17b -> 
  custom:container-demuxer-webm: 4f35f7cbe854078d1ac9338744f61a02 -> 
  custom:container-demuxer-ogg: 62fdf1f143b41e24485cea50d1cbac27 -> 
  custom:video-encoder-webm-vp8: eb34c28f22e8b96e1ab97ce403110664 -> 
  custom:video-codec-MediaFoundation-h265: 746d11721c4dcdbdad8f713fa42b33f4 -> 
  custom:video-decoder-webm-vp8: 9c59270c3fd7afecdb556c50c9e8de78 -> 
  custom:audio-decoder-ogg-vorbis: bf7c407c2cedff20999df2af8eb42d56 -> 
  custom:audio-encoder-webm-vorbis: bf7c407c2cedff20999df2af8eb42d56 -> 
========================================================================
Received Prepare
Registering precompiled user dll's ...
Registered in 0.002058 seconds.
Begin MonoManager ReloadAssembly
Native extension for WindowsStandalone target not found
Refreshing native plugins compatible for Editor in 0.34 ms, found 2 plugins.
Preloading 0 native plugins for Editor in 0.00 ms.
Mono: successfully reloaded assembly
- Completed reload, in  0.779 seconds
Domain Reload Profiling:
	ReloadAssembly (780ms)
		BeginReloadAssembly (103ms)
			ExecutionOrderSort (0ms)
			DisableScriptedObjects (4ms)
			BackupInstance (0ms)
			ReleaseScriptingObjects (0ms)
			CreateAndSetChildDomain (26ms)
		EndReloadAssembly (628ms)
			LoadAssemblies (79ms)
			RebuildTransferFunctionScriptingTraits (0ms)
			SetupTypeCache (233ms)
			ReleaseScriptCaches (1ms)
			RebuildScriptCaches (32ms)
			SetupLoadedEditorAssemblies (217ms)
				LogAssemblyErrors (0ms)
				InitializePlatformSupportModulesInManaged (4ms)
				SetLoadedEditorAssemblies (0ms)
				RefreshPlugins (0ms)
				BeforeProcessingInitializeOnLoad (52ms)
				ProcessInitializeOnLoadAttributes (154ms)
				ProcessInitializeOnLoadMethodAttributes (3ms)
				AfterProcessingInitializeOnLoad (2ms)
				EditorAssembliesLoaded (0ms)
			ExecutionOrderSort2 (0ms)
			AwakeInstancesAfterBackupRestoration (5ms)
Platform modules already initialized, skipping
Refreshing native plugins compatible for Editor in 0.35 ms, found 2 plugins.
Preloading 0 native plugins for Editor in 0.00 ms.
Unloading 1412 Unused Serialized files (Serialized files now loaded: 0)
System memory in use before: 65.8 MB.
System memory in use after: 65.9 MB.

Unloading 11 unused Assets to reduce memory usage. Loaded Objects now: 1872.
Total: 2.816700 ms (FindLiveObjects: 0.223200 ms CreateObjectMapping: 0.113600 ms MarkObjects: 2.462800 ms  DeleteObjects: 0.015800 ms)

AssetImportParameters requested are different than current active one (requested -> active):
  custom:framework-win-MediaFoundation: 216162199b28c13a410421893ffa2e32 -> 
  custom:video-decoder-ogg-theora: a1e56fd34408186e4bbccfd4996cb3dc -> 
  custom:container-muxer-webm: aa71ff27fc2769a1b78a27578f13a17b -> 
  custom:container-demuxer-webm: 4f35f7cbe854078d1ac9338744f61a02 -> 
  custom:container-demuxer-ogg: 62fdf1f143b41e24485cea50d1cbac27 -> 
  custom:video-encoder-webm-vp8: eb34c28f22e8b96e1ab97ce403110664 -> 
  custom:video-codec-MediaFoundation-h265: 746d11721c4dcdbdad8f713fa42b33f4 -> 
  custom:video-decoder-webm-vp8: 9c59270c3fd7afecdb556c50c9e8de78 -> 
  custom:audio-decoder-ogg-vorbis: bf7c407c2cedff20999df2af8eb42d56 -> 
  custom:audio-encoder-webm-vorbis: bf7c407c2cedff20999df2af8eb42d56 -> 
========================================================================
Received Prepare
Registering precompiled user dll's ...
Registered in 0.001973 seconds.
Begin MonoManager ReloadAssembly
Native extension for WindowsStandalone target not found
Refreshing native plugins compatible for Editor in 0.34 ms, found 2 plugins.
Preloading 0 native plugins for Editor in 0.00 ms.
Mono: successfully reloaded assembly
- Completed reload, in  0.720 seconds
Domain Reload Profiling:
	ReloadAssembly (720ms)
		BeginReloadAssembly (97ms)
			ExecutionOrderSort (0ms)
			DisableScriptedObjects (4ms)
			BackupInstance (0ms)
			ReleaseScriptingObjects (0ms)
			CreateAndSetChildDomain (26ms)
		EndReloadAssembly (576ms)
			LoadAssemblies (77ms)
			RebuildTransferFunctionScriptingTraits (0ms)
			SetupTypeCache (200ms)
			ReleaseScriptCaches (1ms)
			RebuildScriptCaches (31ms)
			SetupLoadedEditorAssemblies (206ms)
				LogAssemblyErrors (0ms)
				InitializePlatformSupportModulesInManaged (4ms)
				SetLoadedEditorAssemblies (0ms)
				RefreshPlugins (0ms)
				BeforeProcessingInitializeOnLoad (52ms)
				ProcessInitializeOnLoadAttributes (145ms)
				ProcessInitializeOnLoadMethodAttributes (3ms)
				AfterProcessingInitializeOnLoad (2ms)
				EditorAssembliesLoaded (0ms)
			ExecutionOrderSort2 (0ms)
			AwakeInstancesAfterBackupRestoration (5ms)
Platform modules already initialized, skipping
Refreshing native plugins compatible for Editor in 0.33 ms, found 2 plugins.
Preloading 0 native plugins for Editor in 0.00 ms.
Unloading 1412 Unused Serialized files (Serialized files now loaded: 0)
System memory in use before: 65.8 MB.
System memory in use after: 65.9 MB.

Unloading 11 unused Assets to reduce memory usage. Loaded Objects now: 1874.
Total: 2.813000 ms (FindLiveObjects: 0.168500 ms CreateObjectMapping: 0.034600 ms MarkObjects: 2.590600 ms  DeleteObjects: 0.018300 ms)

AssetImportParameters requested are different than current active one (requested -> active):
  custom:framework-win-MediaFoundation: 216162199b28c13a410421893ffa2e32 -> 
  custom:video-decoder-ogg-theora: a1e56fd34408186e4bbccfd4996cb3dc -> 
  custom:container-muxer-webm: aa71ff27fc2769a1b78a27578f13a17b -> 
  custom:container-demuxer-webm: 4f35f7cbe854078d1ac9338744f61a02 -> 
  custom:container-demuxer-ogg: 62fdf1f143b41e24485cea50d1cbac27 -> 
  custom:video-encoder-webm-vp8: eb34c28f22e8b96e1ab97ce403110664 -> 
  custom:video-codec-MediaFoundation-h265: 746d11721c4dcdbdad8f713fa42b33f4 -> 
  custom:video-decoder-webm-vp8: 9c59270c3fd7afecdb556c50c9e8de78 -> 
  custom:audio-decoder-ogg-vorbis: bf7c407c2cedff20999df2af8eb42d56 -> 
  custom:audio-encoder-webm-vorbis: bf7c407c2cedff20999df2af8eb42d56 -> 
========================================================================
Received Import Request.
  Time since last request: 113.802573 seconds.
  path: Assets/GameEntities/Asteroids/Big rock.prefab
  artifactKey: Guid(e226a87f601888842b5df8849fe1a4f8) Importer(815301076,1909f56bfc062723c751e8b465ee728b)
Start importing Assets/GameEntities/Asteroids/Big rock.prefab using Guid(e226a87f601888842b5df8849fe1a4f8) Importer(815301076,1909f56bfc062723c751e8b465ee728b)  -> (artifact id: '7e64df629576f5bc09609bf7f2c5d52f') in 0.073263 seconds 
  Import took 0.075742 seconds .

========================================================================
Received Import Request.
  Time since last request: 0.000159 seconds.
  path: Assets/GameEntities/Asteroids/Small rock.prefab
  artifactKey: Guid(be46eb5ced5b1bb4a9bc5368bfea97cc) Importer(815301076,1909f56bfc062723c751e8b465ee728b)
Start importing Assets/GameEntities/Asteroids/Small rock.prefab using Guid(be46eb5ced5b1bb4a9bc5368bfea97cc) Importer(815301076,1909f56bfc062723c751e8b465ee728b)  -> (artifact id: '7eec688ec70b88e1be917274620665c3') in 0.010547 seconds 
  Import took 0.013095 seconds .

========================================================================
Received Import Request.
  Time since last request: 0.000176 seconds.
  path: Assets/GameEntities/Asteroids/Mid rock.prefab
  artifactKey: Guid(057bb97b472f13f479ce9df6dd550dc6) Importer(815301076,1909f56bfc062723c751e8b465ee728b)
Start importing Assets/GameEntities/Asteroids/Mid rock.prefab using Guid(057bb97b472f13f479ce9df6dd550dc6) Importer(815301076,1909f56bfc062723c751e8b465ee728b)  -> (artifact id: '7ad314f6f603be6d21fe4a53228cd5f9') in 0.010303 seconds 
  Import took 0.012700 seconds .

========================================================================
Received Import Request.
  Time since last request: 3.392909 seconds.
  path: Assets/GameEntities/Asteroids/Big rock.prefab
  artifactKey: Guid(e226a87f601888842b5df8849fe1a4f8) Importer(815301076,1909f56bfc062723c751e8b465ee728b)
Start importing Assets/GameEntities/Asteroids/Big rock.prefab using Guid(e226a87f601888842b5df8849fe1a4f8) Importer(815301076,1909f56bfc062723c751e8b465ee728b)  -> (artifact id: '936a685424df678f6b16b8473968fc90') in 0.007231 seconds 
  Import took 0.009930 seconds .

========================================================================
Received Import Request.
  Time since last request: 0.000163 seconds.
  path: Assets/GameEntities/Asteroids/Small rock.prefab
  artifactKey: Guid(be46eb5ced5b1bb4a9bc5368bfea97cc) Importer(815301076,1909f56bfc062723c751e8b465ee728b)
Start importing Assets/GameEntities/Asteroids/Small rock.prefab using Guid(be46eb5ced5b1bb4a9bc5368bfea97cc) Importer(815301076,1909f56bfc062723c751e8b465ee728b)  -> (artifact id: '9dd3ad7aebddb0d16acf5ca9566d371b') in 0.006588 seconds 
  Import took 0.008511 seconds .

========================================================================
Received Import Request.
  Time since last request: 0.000171 seconds.
  path: Assets/GameEntities/Asteroids/Mid rock.prefab
  artifactKey: Guid(057bb97b472f13f479ce9df6dd550dc6) Importer(815301076,1909f56bfc062723c751e8b465ee728b)
Start importing Assets/GameEntities/Asteroids/Mid rock.prefab using Guid(057bb97b472f13f479ce9df6dd550dc6) Importer(815301076,1909f56bfc062723c751e8b465ee728b)  -> (artifact id: 'f97b1c59eee689939b098e8a73e95629') in 0.006801 seconds 
  Import took 0.009118 seconds .

========================================================================
Received Prepare
Registering precompiled user dll's ...
Registered in 0.002028 seconds.
Begin MonoManager ReloadAssembly
Native extension for WindowsStandalone target not found
Refreshing native plugins compatible for Editor in 0.34 ms, found 2 plugins.
Preloading 0 native plugins for Editor in 0.00 ms.
Mono: successfully reloaded assembly
- Completed reload, in  0.714 seconds
Domain Reload Profiling:
	ReloadAssembly (714ms)
		BeginReloadAssembly (93ms)
			ExecutionOrderSort (0ms)
			DisableScriptedObjects (3ms)
			BackupInstance (0ms)
			ReleaseScriptingObjects (0ms)
			CreateAndSetChildDomain (26ms)
		EndReloadAssembly (575ms)
			LoadAssemblies (77ms)
			RebuildTransferFunctionScriptingTraits (0ms)
			SetupTypeCache (199ms)
			ReleaseScriptCaches (1ms)
			RebuildScriptCaches (30ms)
			SetupLoadedEditorAssemblies (207ms)
				LogAssemblyErrors (0ms)
				InitializePlatformSupportModulesInManaged (4ms)
				SetLoadedEditorAssemblies (0ms)
				RefreshPlugins (0ms)
				BeforeProcessingInitializeOnLoad (50ms)
				ProcessInitializeOnLoadAttributes (147ms)
				ProcessInitializeOnLoadMethodAttributes (3ms)
				AfterProcessingInitializeOnLoad (2ms)
				EditorAssembliesLoaded (0ms)
			ExecutionOrderSort2 (0ms)
			AwakeInstancesAfterBackupRestoration (5ms)
Platform modules already initialized, skipping
Refreshing native plugins compatible for Editor in 0.30 ms, found 2 plugins.
Preloading 0 native plugins for Editor in 0.00 ms.
Unloading 1412 Unused Serialized files (Serialized files now loaded: 0)
System memory in use before: 68.9 MB.
System memory in use after: 69.0 MB.

Unloading 12 unused Assets to reduce memory usage. Loaded Objects now: 1884.
Total: 2.811800 ms (FindLiveObjects: 0.166200 ms CreateObjectMapping: 0.036000 ms MarkObjects: 2.585400 ms  DeleteObjects: 0.023100 ms)

AssetImportParameters requested are different than current active one (requested -> active):
  custom:framework-win-MediaFoundation: 216162199b28c13a410421893ffa2e32 -> 
  custom:video-decoder-ogg-theora: a1e56fd34408186e4bbccfd4996cb3dc -> 
  custom:container-muxer-webm: aa71ff27fc2769a1b78a27578f13a17b -> 
  custom:container-demuxer-webm: 4f35f7cbe854078d1ac9338744f61a02 -> 
  custom:container-demuxer-ogg: 62fdf1f143b41e24485cea50d1cbac27 -> 
  custom:video-encoder-webm-vp8: eb34c28f22e8b96e1ab97ce403110664 -> 
  custom:video-codec-MediaFoundation-h265: 746d11721c4dcdbdad8f713fa42b33f4 -> 
  custom:video-decoder-webm-vp8: 9c59270c3fd7afecdb556c50c9e8de78 -> 
  custom:audio-decoder-ogg-vorbis: bf7c407c2cedff20999df2af8eb42d56 -> 
  custom:audio-encoder-webm-vorbis: bf7c407c2cedff20999df2af8eb42d56 -> 
========================================================================
Received Import Request.
  Time since last request: 963.651413 seconds.
  path: Assets/GameEntities/Collidable.cs
  artifactKey: Guid(72b032eb821338247a1f19080f359eab) Importer(815301076,1909f56bfc062723c751e8b465ee728b)
Start importing Assets/GameEntities/Collidable.cs using Guid(72b032eb821338247a1f19080f359eab) Importer(815301076,1909f56bfc062723c751e8b465ee728b)  -> (artifact id: '444aefae18447f6d18230cfe7e1aa38b') in 0.004390 seconds 
  Import took 0.007075 seconds .

========================================================================
Received Import Request.
  Time since last request: 63.488090 seconds.
  path: Assets/GameEntities/UFO/UFOAI.cs
  artifactKey: Guid(84a3039201a0ecf44b13f1b33e8fc3c3) Importer(815301076,1909f56bfc062723c751e8b465ee728b)
Start importing Assets/GameEntities/UFO/UFOAI.cs using Guid(84a3039201a0ecf44b13f1b33e8fc3c3) Importer(815301076,1909f56bfc062723c751e8b465ee728b)  -> (artifact id: '361584a6ce25270281bc34aafef11db6') in 0.004867 seconds 
  Import took 0.007117 seconds .

AssetImportWorkerClient::OnTransportError - code=2 error=End of file
