Using pre-set license
Built from '2020.3/staging' branch; Version is '2020.3.18f1 (a7d1c678663c) revision 10998214'; Using compiler version '192528614'; Build Type 'Release'
OS: 'Windows 10 Pro; OS build 19042.1165; Version 2009; 64bit' Language: 'ru' Physical Memory: 16317 MB
BatchMode: 1, IsHumanControllingUs: 0, StartBugReporterOnCrash: 0, Is64bit: 1, IsPro: 0

COMMAND LINE ARGUMENTS:
E:\UnityEditor\2020.3.18f1\Editor\Unity.exe
-adb2
-batchMode
-noUpm
-name
AssetImportWorker2
-projectPath
E:/kill-me/asteroid-game
-logFile
Logs/AssetImportWorker2.log
-srvPort
51740
Successfully changed project path to: E:/kill-me/asteroid-game
E:/kill-me/asteroid-game
Using Asset Import Pipeline V2.
Refreshing native plugins compatible for Editor in 24.67 ms, found 2 plugins.
Preloading 0 native plugins for Editor in 0.00 ms.
Initialize engine version: 2020.3.18f1 (a7d1c678663c)
[Subsystems] Discovering subsystems at path E:/UnityEditor/2020.3.18f1/Editor/Data/Resources/UnitySubsystems
[Subsystems] Discovering subsystems at path E:/kill-me/asteroid-game/Assets
GfxDevice: creating device client; threaded=0
Direct3D:
    Version:  Direct3D 11.0 [level 11.1]
    Renderer: Radeon RX550/550 Series (ID=0x699f)
    Vendor:   
    VRAM:     4076 MB
    Driver:   27.20.14535.3005
Initialize mono
Mono path[0] = 'E:/UnityEditor/2020.3.18f1/Editor/Data/Managed'
Mono path[1] = 'E:/UnityEditor/2020.3.18f1/Editor/Data/MonoBleedingEdge/lib/mono/unityjit'
Mono config path = 'E:/UnityEditor/2020.3.18f1/Editor/Data/MonoBleedingEdge/etc'
Using monoOptions --debugger-agent=transport=dt_socket,embedding=1,server=y,suspend=n,address=127.0.0.1:56868
Begin MonoManager ReloadAssembly
Registering precompiled unity dll's ...
Register platform support module: E:/UnityEditor/2020.3.18f1/Editor/Data/PlaybackEngines/WindowsStandaloneSupport/UnityEditor.WindowsStandalone.Extensions.dll
Registered in 0.001077 seconds.
Native extension for WindowsStandalone target not found
Refreshing native plugins compatible for Editor in 29.83 ms, found 2 plugins.
Preloading 0 native plugins for Editor in 0.00 ms.
Mono: successfully reloaded assembly
- Completed reload, in  2.096 seconds
Domain Reload Profiling:
	ReloadAssembly (2096ms)
		BeginReloadAssembly (53ms)
			ExecutionOrderSort (0ms)
			DisableScriptedObjects (0ms)
			BackupInstance (0ms)
			ReleaseScriptingObjects (0ms)
			CreateAndSetChildDomain (1ms)
		EndReloadAssembly (375ms)
			LoadAssemblies (53ms)
			RebuildTransferFunctionScriptingTraits (0ms)
			SetupTypeCache (133ms)
			ReleaseScriptCaches (0ms)
			RebuildScriptCaches (40ms)
			SetupLoadedEditorAssemblies (138ms)
				LogAssemblyErrors (0ms)
				InitializePlatformSupportModulesInManaged (4ms)
				SetLoadedEditorAssemblies (0ms)
				RefreshPlugins (30ms)
				BeforeProcessingInitializeOnLoad (14ms)
				ProcessInitializeOnLoadAttributes (66ms)
				ProcessInitializeOnLoadMethodAttributes (23ms)
				AfterProcessingInitializeOnLoad (0ms)
				EditorAssembliesLoaded (0ms)
			ExecutionOrderSort2 (0ms)
			AwakeInstancesAfterBackupRestoration (0ms)
Platform modules already initialized, skipping
Registering precompiled user dll's ...
Registered in 0.002228 seconds.
Begin MonoManager ReloadAssembly
Native extension for WindowsStandalone target not found
Refreshing native plugins compatible for Editor in 0.32 ms, found 2 plugins.
Preloading 0 native plugins for Editor in 0.00 ms.
Mono: successfully reloaded assembly
- Completed reload, in  0.853 seconds
Domain Reload Profiling:
	ReloadAssembly (854ms)
		BeginReloadAssembly (141ms)
			ExecutionOrderSort (0ms)
			DisableScriptedObjects (4ms)
			BackupInstance (0ms)
			ReleaseScriptingObjects (0ms)
			CreateAndSetChildDomain (18ms)
		EndReloadAssembly (663ms)
			LoadAssemblies (83ms)
			RebuildTransferFunctionScriptingTraits (0ms)
			SetupTypeCache (246ms)
			ReleaseScriptCaches (0ms)
			RebuildScriptCaches (37ms)
			SetupLoadedEditorAssemblies (234ms)
				LogAssemblyErrors (0ms)
				InitializePlatformSupportModulesInManaged (4ms)
				SetLoadedEditorAssemblies (0ms)
				RefreshPlugins (0ms)
				BeforeProcessingInitializeOnLoad (59ms)
				ProcessInitializeOnLoadAttributes (164ms)
				ProcessInitializeOnLoadMethodAttributes (3ms)
				AfterProcessingInitializeOnLoad (2ms)
				EditorAssembliesLoaded (0ms)
			ExecutionOrderSort2 (0ms)
			AwakeInstancesAfterBackupRestoration (5ms)
Platform modules already initialized, skipping
========================================================================
Worker process is ready to serve import requests
Launched and connected shader compiler UnityShaderCompiler.exe after 0.12 seconds
Refreshing native plugins compatible for Editor in 0.37 ms, found 2 plugins.
Preloading 0 native plugins for Editor in 0.00 ms.
Unloading 1412 Unused Serialized files (Serialized files now loaded: 0)
System memory in use before: 65.7 MB.
System memory in use after: 65.7 MB.

Unloading 16 unused Assets to reduce memory usage. Loaded Objects now: 1849.
Total: 3.477000 ms (FindLiveObjects: 0.299200 ms CreateObjectMapping: 0.046300 ms MarkObjects: 3.035400 ms  DeleteObjects: 0.094000 ms)

AssetImportParameters requested are different than current active one (requested -> active):
  custom:framework-win-MediaFoundation: 216162199b28c13a410421893ffa2e32 -> 
  custom:video-decoder-ogg-theora: a1e56fd34408186e4bbccfd4996cb3dc -> 
  custom:container-muxer-webm: aa71ff27fc2769a1b78a27578f13a17b -> 
  custom:container-demuxer-webm: 4f35f7cbe854078d1ac9338744f61a02 -> 
  custom:container-demuxer-ogg: 62fdf1f143b41e24485cea50d1cbac27 -> 
  custom:video-encoder-webm-vp8: eb34c28f22e8b96e1ab97ce403110664 -> 
  custom:video-codec-MediaFoundation-h265: 746d11721c4dcdbdad8f713fa42b33f4 -> 
  custom:video-decoder-webm-vp8: 9c59270c3fd7afecdb556c50c9e8de78 -> 
  custom:audio-decoder-ogg-vorbis: bf7c407c2cedff20999df2af8eb42d56 -> 
  custom:audio-encoder-webm-vorbis: bf7c407c2cedff20999df2af8eb42d56 -> 
========================================================================
Received Import Request.
  path: Assets/Score/ScoreDisplay.cs
  artifactKey: Guid(f0bb5d197df01a94ea0b45f9ee45a7dc) Importer(815301076,1909f56bfc062723c751e8b465ee728b)
Start importing Assets/Score/ScoreDisplay.cs using Guid(f0bb5d197df01a94ea0b45f9ee45a7dc) Importer(815301076,1909f56bfc062723c751e8b465ee728b)  -> (artifact id: '9f37375f3e286e40efc88e290bfe7b52') in 0.026166 seconds 
  Import took 0.028750 seconds .

========================================================================
Received Import Request.
  Time since last request: 444.152809 seconds.
  path: Assets/UI
  artifactKey: Guid(7b00d472558b150499d8eb05a6b9f04e) Importer(815301076,1909f56bfc062723c751e8b465ee728b)
Start importing Assets/UI using Guid(7b00d472558b150499d8eb05a6b9f04e) Importer(815301076,1909f56bfc062723c751e8b465ee728b)  -> (artifact id: 'b3b9400b905899514b65002aa76fe387') in 0.007823 seconds 
  Import took 0.010605 seconds .

========================================================================
Received Import Request.
  Time since last request: 4.827452 seconds.
  path: Assets/UI/Display.cs
  artifactKey: Guid(480924bd28ec872479c8450c27968f9c) Importer(815301076,1909f56bfc062723c751e8b465ee728b)
Start importing Assets/UI/Display.cs using Guid(480924bd28ec872479c8450c27968f9c) Importer(815301076,1909f56bfc062723c751e8b465ee728b)  -> (artifact id: '9e4553af2ac8057a5bd19358b25d153c') in 0.007556 seconds 
  Import took 0.009895 seconds .

========================================================================
Received Import Request.
  Time since last request: 0.000784 seconds.
  path: Assets/UI/Display.cs
  artifactKey: Guid(480924bd28ec872479c8450c27968f9c) Importer(815301076,1909f56bfc062723c751e8b465ee728b)
Start importing Assets/UI/Display.cs using Guid(480924bd28ec872479c8450c27968f9c) Importer(815301076,1909f56bfc062723c751e8b465ee728b)  -> (artifact id: '9e4553af2ac8057a5bd19358b25d153c') in 0.001825 seconds 
  Import took 0.003579 seconds .

========================================================================
Received Prepare
Registering precompiled user dll's ...
Registered in 0.001999 seconds.
Begin MonoManager ReloadAssembly
Native extension for WindowsStandalone target not found
Refreshing native plugins compatible for Editor in 0.33 ms, found 2 plugins.
Preloading 0 native plugins for Editor in 0.00 ms.
Mono: successfully reloaded assembly
- Completed reload, in  0.762 seconds
Domain Reload Profiling:
	ReloadAssembly (762ms)
		BeginReloadAssembly (112ms)
			ExecutionOrderSort (0ms)
			DisableScriptedObjects (4ms)
			BackupInstance (0ms)
			ReleaseScriptingObjects (0ms)
			CreateAndSetChildDomain (31ms)
		EndReloadAssembly (602ms)
			LoadAssemblies (79ms)
			RebuildTransferFunctionScriptingTraits (0ms)
			SetupTypeCache (215ms)
			ReleaseScriptCaches (1ms)
			RebuildScriptCaches (31ms)
			SetupLoadedEditorAssemblies (214ms)
				LogAssemblyErrors (0ms)
				InitializePlatformSupportModulesInManaged (4ms)
				SetLoadedEditorAssemblies (0ms)
				RefreshPlugins (0ms)
				BeforeProcessingInitializeOnLoad (53ms)
				ProcessInitializeOnLoadAttributes (151ms)
				ProcessInitializeOnLoadMethodAttributes (3ms)
				AfterProcessingInitializeOnLoad (2ms)
				EditorAssembliesLoaded (0ms)
			ExecutionOrderSort2 (0ms)
			AwakeInstancesAfterBackupRestoration (5ms)
Platform modules already initialized, skipping
Refreshing native plugins compatible for Editor in 0.33 ms, found 2 plugins.
Preloading 0 native plugins for Editor in 0.00 ms.
Unloading 1407 Unused Serialized files (Serialized files now loaded: 0)
System memory in use before: 65.5 MB.
System memory in use after: 65.6 MB.

Unloading 11 unused Assets to reduce memory usage. Loaded Objects now: 1852.
Total: 2.835800 ms (FindLiveObjects: 0.186500 ms CreateObjectMapping: 0.032400 ms MarkObjects: 2.590600 ms  DeleteObjects: 0.024300 ms)

AssetImportParameters requested are different than current active one (requested -> active):
  custom:framework-win-MediaFoundation: 216162199b28c13a410421893ffa2e32 -> 
  custom:video-decoder-ogg-theora: a1e56fd34408186e4bbccfd4996cb3dc -> 
  custom:container-muxer-webm: aa71ff27fc2769a1b78a27578f13a17b -> 
  custom:container-demuxer-webm: 4f35f7cbe854078d1ac9338744f61a02 -> 
  custom:container-demuxer-ogg: 62fdf1f143b41e24485cea50d1cbac27 -> 
  custom:video-encoder-webm-vp8: eb34c28f22e8b96e1ab97ce403110664 -> 
  custom:video-codec-MediaFoundation-h265: 746d11721c4dcdbdad8f713fa42b33f4 -> 
  custom:video-decoder-webm-vp8: 9c59270c3fd7afecdb556c50c9e8de78 -> 
  custom:audio-decoder-ogg-vorbis: bf7c407c2cedff20999df2af8eb42d56 -> 
  custom:audio-encoder-webm-vorbis: bf7c407c2cedff20999df2af8eb42d56 -> 
========================================================================
Received Prepare
Registering precompiled user dll's ...
Registered in 0.001969 seconds.
Begin MonoManager ReloadAssembly
Native extension for WindowsStandalone target not found
Refreshing native plugins compatible for Editor in 0.34 ms, found 2 plugins.
Preloading 0 native plugins for Editor in 0.00 ms.
Mono: successfully reloaded assembly
- Completed reload, in  0.759 seconds
Domain Reload Profiling:
	ReloadAssembly (759ms)
		BeginReloadAssembly (106ms)
			ExecutionOrderSort (0ms)
			DisableScriptedObjects (4ms)
			BackupInstance (0ms)
			ReleaseScriptingObjects (0ms)
			CreateAndSetChildDomain (27ms)
		EndReloadAssembly (605ms)
			LoadAssemblies (79ms)
			RebuildTransferFunctionScriptingTraits (0ms)
			SetupTypeCache (217ms)
			ReleaseScriptCaches (1ms)
			RebuildScriptCaches (32ms)
			SetupLoadedEditorAssemblies (212ms)
				LogAssemblyErrors (0ms)
				InitializePlatformSupportModulesInManaged (4ms)
				SetLoadedEditorAssemblies (0ms)
				RefreshPlugins (0ms)
				BeforeProcessingInitializeOnLoad (53ms)
				ProcessInitializeOnLoadAttributes (149ms)
				ProcessInitializeOnLoadMethodAttributes (3ms)
				AfterProcessingInitializeOnLoad (2ms)
				EditorAssembliesLoaded (0ms)
			ExecutionOrderSort2 (0ms)
			AwakeInstancesAfterBackupRestoration (5ms)
Platform modules already initialized, skipping
Refreshing native plugins compatible for Editor in 0.33 ms, found 2 plugins.
Preloading 0 native plugins for Editor in 0.00 ms.
Unloading 1407 Unused Serialized files (Serialized files now loaded: 0)
System memory in use before: 65.6 MB.
System memory in use after: 65.7 MB.

Unloading 11 unused Assets to reduce memory usage. Loaded Objects now: 1854.
Total: 2.582000 ms (FindLiveObjects: 0.170800 ms CreateObjectMapping: 0.029000 ms MarkObjects: 2.363800 ms  DeleteObjects: 0.017500 ms)

AssetImportParameters requested are different than current active one (requested -> active):
  custom:framework-win-MediaFoundation: 216162199b28c13a410421893ffa2e32 -> 
  custom:video-decoder-ogg-theora: a1e56fd34408186e4bbccfd4996cb3dc -> 
  custom:container-muxer-webm: aa71ff27fc2769a1b78a27578f13a17b -> 
  custom:container-demuxer-webm: 4f35f7cbe854078d1ac9338744f61a02 -> 
  custom:container-demuxer-ogg: 62fdf1f143b41e24485cea50d1cbac27 -> 
  custom:video-encoder-webm-vp8: eb34c28f22e8b96e1ab97ce403110664 -> 
  custom:video-codec-MediaFoundation-h265: 746d11721c4dcdbdad8f713fa42b33f4 -> 
  custom:video-decoder-webm-vp8: 9c59270c3fd7afecdb556c50c9e8de78 -> 
  custom:audio-decoder-ogg-vorbis: bf7c407c2cedff20999df2af8eb42d56 -> 
  custom:audio-encoder-webm-vorbis: bf7c407c2cedff20999df2af8eb42d56 -> 
========================================================================
Received Prepare
Registering precompiled user dll's ...
Registered in 0.002054 seconds.
Begin MonoManager ReloadAssembly
Native extension for WindowsStandalone target not found
Refreshing native plugins compatible for Editor in 0.32 ms, found 2 plugins.
Preloading 0 native plugins for Editor in 0.00 ms.
Mono: successfully reloaded assembly
- Completed reload, in  0.749 seconds
Domain Reload Profiling:
	ReloadAssembly (750ms)
		BeginReloadAssembly (104ms)
			ExecutionOrderSort (0ms)
			DisableScriptedObjects (3ms)
			BackupInstance (0ms)
			ReleaseScriptingObjects (0ms)
			CreateAndSetChildDomain (28ms)
		EndReloadAssembly (599ms)
			LoadAssemblies (78ms)
			RebuildTransferFunctionScriptingTraits (0ms)
			SetupTypeCache (209ms)
			ReleaseScriptCaches (1ms)
			RebuildScriptCaches (32ms)
			SetupLoadedEditorAssemblies (217ms)
				LogAssemblyErrors (0ms)
				InitializePlatformSupportModulesInManaged (4ms)
				SetLoadedEditorAssemblies (0ms)
				RefreshPlugins (0ms)
				BeforeProcessingInitializeOnLoad (53ms)
				ProcessInitializeOnLoadAttributes (154ms)
				ProcessInitializeOnLoadMethodAttributes (3ms)
				AfterProcessingInitializeOnLoad (2ms)
				EditorAssembliesLoaded (0ms)
			ExecutionOrderSort2 (0ms)
			AwakeInstancesAfterBackupRestoration (5ms)
Platform modules already initialized, skipping
Refreshing native plugins compatible for Editor in 0.31 ms, found 2 plugins.
Preloading 0 native plugins for Editor in 0.00 ms.
Unloading 1407 Unused Serialized files (Serialized files now loaded: 0)
System memory in use before: 65.6 MB.
System memory in use after: 65.7 MB.

Unloading 11 unused Assets to reduce memory usage. Loaded Objects now: 1856.
Total: 2.630400 ms (FindLiveObjects: 0.186700 ms CreateObjectMapping: 0.031500 ms MarkObjects: 2.393100 ms  DeleteObjects: 0.018100 ms)

AssetImportParameters requested are different than current active one (requested -> active):
  custom:framework-win-MediaFoundation: 216162199b28c13a410421893ffa2e32 -> 
  custom:video-decoder-ogg-theora: a1e56fd34408186e4bbccfd4996cb3dc -> 
  custom:container-muxer-webm: aa71ff27fc2769a1b78a27578f13a17b -> 
  custom:container-demuxer-webm: 4f35f7cbe854078d1ac9338744f61a02 -> 
  custom:container-demuxer-ogg: 62fdf1f143b41e24485cea50d1cbac27 -> 
  custom:video-encoder-webm-vp8: eb34c28f22e8b96e1ab97ce403110664 -> 
  custom:video-codec-MediaFoundation-h265: 746d11721c4dcdbdad8f713fa42b33f4 -> 
  custom:video-decoder-webm-vp8: 9c59270c3fd7afecdb556c50c9e8de78 -> 
  custom:audio-decoder-ogg-vorbis: bf7c407c2cedff20999df2af8eb42d56 -> 
  custom:audio-encoder-webm-vorbis: bf7c407c2cedff20999df2af8eb42d56 -> 
========================================================================
Received Import Request.
  Time since last request: 1861.942740 seconds.
  path: Assets/Score/Heart.prefab
  artifactKey: Guid(e2babc5cbbb96f148a38eff54fb7483d) Importer(815301076,1909f56bfc062723c751e8b465ee728b)
Start importing Assets/Score/Heart.prefab using Guid(e2babc5cbbb96f148a38eff54fb7483d) Importer(815301076,1909f56bfc062723c751e8b465ee728b)  -> (artifact id: '6aa4dbe958361b046bc8589939f33385') in 0.035810 seconds 
  Import took 0.038453 seconds .

========================================================================
Received Import Request.
  Time since last request: 33.638749 seconds.
  path: Assets/Score/HeartPrefab.prefab
  artifactKey: Guid(5fb3ec4a0bec0f14790bcc66ce0b7404) Importer(815301076,1909f56bfc062723c751e8b465ee728b)
Start importing Assets/Score/HeartPrefab.prefab using Guid(5fb3ec4a0bec0f14790bcc66ce0b7404) Importer(815301076,1909f56bfc062723c751e8b465ee728b)  -> (artifact id: '3599d22013bbf77356863c32173dc1ea') in 0.008372 seconds 
  Import took 0.010639 seconds .

========================================================================
Received Import Request.
  Time since last request: 11.459274 seconds.
  path: Assets/Score/ScoreDisplay.cs
  artifactKey: Guid(f0bb5d197df01a94ea0b45f9ee45a7dc) Importer(815301076,1909f56bfc062723c751e8b465ee728b)
Start importing Assets/Score/ScoreDisplay.cs using Guid(f0bb5d197df01a94ea0b45f9ee45a7dc) Importer(815301076,1909f56bfc062723c751e8b465ee728b)  -> (artifact id: '9137866f0aedd36a604392af352eedd3') in 0.001696 seconds 
  Import took 0.003839 seconds .

========================================================================
Received Import Request.
  Time since last request: 0.000185 seconds.
  path: Assets/Score/ScoreDisplay.cs
  artifactKey: Guid(f0bb5d197df01a94ea0b45f9ee45a7dc) Importer(815301076,1909f56bfc062723c751e8b465ee728b)
Start importing Assets/Score/ScoreDisplay.cs using Guid(f0bb5d197df01a94ea0b45f9ee45a7dc) Importer(815301076,1909f56bfc062723c751e8b465ee728b)  -> (artifact id: '9137866f0aedd36a604392af352eedd3') in 0.001831 seconds 
  Import took 0.003914 seconds .

========================================================================
Received Import Request.
  Time since last request: 5.416185 seconds.
  path: Assets/Score/ScoreDisplay.cs
  artifactKey: Guid(f0bb5d197df01a94ea0b45f9ee45a7dc) Importer(815301076,1909f56bfc062723c751e8b465ee728b)
Start importing Assets/Score/ScoreDisplay.cs using Guid(f0bb5d197df01a94ea0b45f9ee45a7dc) Importer(815301076,1909f56bfc062723c751e8b465ee728b)  -> (artifact id: '09d86db6a66dc4a1253848273d4baba2') in 0.001823 seconds 
  Import took 0.004024 seconds .

========================================================================
Received Import Request.
  Time since last request: 0.011891 seconds.
  path: Assets/Score/ScoreDisplay.cs
  artifactKey: Guid(f0bb5d197df01a94ea0b45f9ee45a7dc) Importer(815301076,1909f56bfc062723c751e8b465ee728b)
Start importing Assets/Score/ScoreDisplay.cs using Guid(f0bb5d197df01a94ea0b45f9ee45a7dc) Importer(815301076,1909f56bfc062723c751e8b465ee728b)  -> (artifact id: '09d86db6a66dc4a1253848273d4baba2') in 0.003588 seconds 
  Import took 0.006357 seconds .

========================================================================
Received Prepare
Registering precompiled user dll's ...
Registered in 0.002094 seconds.
Begin MonoManager ReloadAssembly
Native extension for WindowsStandalone target not found
Refreshing native plugins compatible for Editor in 0.33 ms, found 2 plugins.
Preloading 0 native plugins for Editor in 0.00 ms.
Mono: successfully reloaded assembly
- Completed reload, in  0.769 seconds
Domain Reload Profiling:
	ReloadAssembly (769ms)
		BeginReloadAssembly (115ms)
			ExecutionOrderSort (0ms)
			DisableScriptedObjects (4ms)
			BackupInstance (0ms)
			ReleaseScriptingObjects (0ms)
			CreateAndSetChildDomain (31ms)
		EndReloadAssembly (605ms)
			LoadAssemblies (81ms)
			RebuildTransferFunctionScriptingTraits (0ms)
			SetupTypeCache (222ms)
			ReleaseScriptCaches (1ms)
			RebuildScriptCaches (31ms)
			SetupLoadedEditorAssemblies (210ms)
				LogAssemblyErrors (0ms)
				InitializePlatformSupportModulesInManaged (4ms)
				SetLoadedEditorAssemblies (0ms)
				RefreshPlugins (0ms)
				BeforeProcessingInitializeOnLoad (52ms)
				ProcessInitializeOnLoadAttributes (148ms)
				ProcessInitializeOnLoadMethodAttributes (3ms)
				AfterProcessingInitializeOnLoad (2ms)
				EditorAssembliesLoaded (0ms)
			ExecutionOrderSort2 (0ms)
			AwakeInstancesAfterBackupRestoration (5ms)
Platform modules already initialized, skipping
Refreshing native plugins compatible for Editor in 0.32 ms, found 2 plugins.
Preloading 0 native plugins for Editor in 0.00 ms.
Unloading 1406 Unused Serialized files (Serialized files now loaded: 0)
System memory in use before: 65.6 MB.
System memory in use after: 65.7 MB.

Unloading 13 unused Assets to reduce memory usage. Loaded Objects now: 1857.
Total: 3.058600 ms (FindLiveObjects: 0.169000 ms CreateObjectMapping: 0.034200 ms MarkObjects: 2.816700 ms  DeleteObjects: 0.037300 ms)

AssetImportParameters requested are different than current active one (requested -> active):
  custom:framework-win-MediaFoundation: 216162199b28c13a410421893ffa2e32 -> 
  custom:video-decoder-ogg-theora: a1e56fd34408186e4bbccfd4996cb3dc -> 
  custom:container-muxer-webm: aa71ff27fc2769a1b78a27578f13a17b -> 
  custom:container-demuxer-webm: 4f35f7cbe854078d1ac9338744f61a02 -> 
  custom:container-demuxer-ogg: 62fdf1f143b41e24485cea50d1cbac27 -> 
  custom:video-encoder-webm-vp8: eb34c28f22e8b96e1ab97ce403110664 -> 
  custom:video-codec-MediaFoundation-h265: 746d11721c4dcdbdad8f713fa42b33f4 -> 
  custom:video-decoder-webm-vp8: 9c59270c3fd7afecdb556c50c9e8de78 -> 
  custom:audio-decoder-ogg-vorbis: bf7c407c2cedff20999df2af8eb42d56 -> 
  custom:audio-encoder-webm-vorbis: bf7c407c2cedff20999df2af8eb42d56 -> 
========================================================================
Received Import Request.
  Time since last request: 70.265576 seconds.
  path: Assets/Score/ScoreDisplay.cs
  artifactKey: Guid(f0bb5d197df01a94ea0b45f9ee45a7dc) Importer(815301076,1909f56bfc062723c751e8b465ee728b)
Start importing Assets/Score/ScoreDisplay.cs using Guid(f0bb5d197df01a94ea0b45f9ee45a7dc) Importer(815301076,1909f56bfc062723c751e8b465ee728b)  -> (artifact id: '5ad03ef060f073cb07fecbe2a9195c25') in 0.004517 seconds 
  Import took 0.006781 seconds .

========================================================================
Received Prepare
Registering precompiled user dll's ...
Registered in 0.002281 seconds.
Begin MonoManager ReloadAssembly
Native extension for WindowsStandalone target not found
Refreshing native plugins compatible for Editor in 0.34 ms, found 2 plugins.
Preloading 0 native plugins for Editor in 0.00 ms.
Mono: successfully reloaded assembly
- Completed reload, in  0.799 seconds
Domain Reload Profiling:
	ReloadAssembly (799ms)
		BeginReloadAssembly (112ms)
			ExecutionOrderSort (0ms)
			DisableScriptedObjects (4ms)
			BackupInstance (0ms)
			ReleaseScriptingObjects (0ms)
			CreateAndSetChildDomain (29ms)
		EndReloadAssembly (633ms)
			LoadAssemblies (83ms)
			RebuildTransferFunctionScriptingTraits (0ms)
			SetupTypeCache (225ms)
			ReleaseScriptCaches (1ms)
			RebuildScriptCaches (38ms)
			SetupLoadedEditorAssemblies (223ms)
				LogAssemblyErrors (0ms)
				InitializePlatformSupportModulesInManaged (4ms)
				SetLoadedEditorAssemblies (0ms)
				RefreshPlugins (0ms)
				BeforeProcessingInitializeOnLoad (58ms)
				ProcessInitializeOnLoadAttributes (154ms)
				ProcessInitializeOnLoadMethodAttributes (3ms)
				AfterProcessingInitializeOnLoad (3ms)
				EditorAssembliesLoaded (0ms)
			ExecutionOrderSort2 (0ms)
			AwakeInstancesAfterBackupRestoration (6ms)
Platform modules already initialized, skipping
Refreshing native plugins compatible for Editor in 0.31 ms, found 2 plugins.
Preloading 0 native plugins for Editor in 0.00 ms.
Unloading 1406 Unused Serialized files (Serialized files now loaded: 0)
System memory in use before: 65.6 MB.
System memory in use after: 65.7 MB.

Unloading 11 unused Assets to reduce memory usage. Loaded Objects now: 1859.
Total: 2.797400 ms (FindLiveObjects: 0.299200 ms CreateObjectMapping: 0.086100 ms MarkObjects: 2.394700 ms  DeleteObjects: 0.016000 ms)

AssetImportParameters requested are different than current active one (requested -> active):
  custom:framework-win-MediaFoundation: 216162199b28c13a410421893ffa2e32 -> 
  custom:video-decoder-ogg-theora: a1e56fd34408186e4bbccfd4996cb3dc -> 
  custom:container-muxer-webm: aa71ff27fc2769a1b78a27578f13a17b -> 
  custom:container-demuxer-webm: 4f35f7cbe854078d1ac9338744f61a02 -> 
  custom:container-demuxer-ogg: 62fdf1f143b41e24485cea50d1cbac27 -> 
  custom:video-encoder-webm-vp8: eb34c28f22e8b96e1ab97ce403110664 -> 
  custom:video-codec-MediaFoundation-h265: 746d11721c4dcdbdad8f713fa42b33f4 -> 
  custom:video-decoder-webm-vp8: 9c59270c3fd7afecdb556c50c9e8de78 -> 
  custom:audio-decoder-ogg-vorbis: bf7c407c2cedff20999df2af8eb42d56 -> 
  custom:audio-encoder-webm-vorbis: bf7c407c2cedff20999df2af8eb42d56 -> 
========================================================================
Received Import Request.
  Time since last request: 24.183747 seconds.
  path: Assets/ShipMaterial.mat
  artifactKey: Guid(3922dd9be7832e643a59bde8aab60214) Importer(815301076,1909f56bfc062723c751e8b465ee728b)
Start importing Assets/ShipMaterial.mat using Guid(3922dd9be7832e643a59bde8aab60214) Importer(815301076,1909f56bfc062723c751e8b465ee728b)  -> (artifact id: '68610c605d89f80b9fba4a0fa8f9c09c') in 0.081402 seconds 
  Import took 0.084145 seconds .

========================================================================
Received Import Request.
  Time since last request: 9.632019 seconds.
  path: Assets/Health
  artifactKey: Guid(7945dd399aff9c64cafe0bbc38021f1d) Importer(815301076,1909f56bfc062723c751e8b465ee728b)
Start importing Assets/Health using Guid(7945dd399aff9c64cafe0bbc38021f1d) Importer(815301076,1909f56bfc062723c751e8b465ee728b)  -> (artifact id: 'dface01dd27dd60a18eb5167443a3004') in 0.006472 seconds 
  Import took 0.008660 seconds .

========================================================================
Received Import Request.
  Time since last request: 9.041599 seconds.
  path: Assets/Score/HealthDisplay.cs
  artifactKey: Guid(f0bb5d197df01a94ea0b45f9ee45a7dc) Importer(815301076,1909f56bfc062723c751e8b465ee728b)
Start importing Assets/Score/HealthDisplay.cs using Guid(f0bb5d197df01a94ea0b45f9ee45a7dc) Importer(815301076,1909f56bfc062723c751e8b465ee728b)  -> (artifact id: '969ff5c4aa84d6905aef20aa7c7b2ee1') in 0.006908 seconds 
  Import took 0.009225 seconds .

========================================================================
Received Import Request.
  Time since last request: 0.002546 seconds.
  path: Assets/Score/HealthDisplay.cs
  artifactKey: Guid(f0bb5d197df01a94ea0b45f9ee45a7dc) Importer(815301076,1909f56bfc062723c751e8b465ee728b)
Start importing Assets/Score/HealthDisplay.cs using Guid(f0bb5d197df01a94ea0b45f9ee45a7dc) Importer(815301076,1909f56bfc062723c751e8b465ee728b)  -> (artifact id: '969ff5c4aa84d6905aef20aa7c7b2ee1') in 0.003108 seconds 
  Import took 0.005411 seconds .

========================================================================
Received Prepare
Registering precompiled user dll's ...
Registered in 0.002044 seconds.
Begin MonoManager ReloadAssembly
Native extension for WindowsStandalone target not found
Refreshing native plugins compatible for Editor in 0.36 ms, found 2 plugins.
Preloading 0 native plugins for Editor in 0.00 ms.
Mono: successfully reloaded assembly
- Completed reload, in  0.750 seconds
Domain Reload Profiling:
	ReloadAssembly (751ms)
		BeginReloadAssembly (98ms)
			ExecutionOrderSort (0ms)
			DisableScriptedObjects (3ms)
			BackupInstance (0ms)
			ReleaseScriptingObjects (0ms)
			CreateAndSetChildDomain (27ms)
		EndReloadAssembly (604ms)
			LoadAssemblies (81ms)
			RebuildTransferFunctionScriptingTraits (0ms)
			SetupTypeCache (210ms)
			ReleaseScriptCaches (1ms)
			RebuildScriptCaches (32ms)
			SetupLoadedEditorAssemblies (219ms)
				LogAssemblyErrors (0ms)
				InitializePlatformSupportModulesInManaged (4ms)
				SetLoadedEditorAssemblies (0ms)
				RefreshPlugins (0ms)
				BeforeProcessingInitializeOnLoad (54ms)
				ProcessInitializeOnLoadAttributes (155ms)
				ProcessInitializeOnLoadMethodAttributes (3ms)
				AfterProcessingInitializeOnLoad (2ms)
				EditorAssembliesLoaded (0ms)
			ExecutionOrderSort2 (0ms)
			AwakeInstancesAfterBackupRestoration (5ms)
Platform modules already initialized, skipping
Refreshing native plugins compatible for Editor in 0.52 ms, found 2 plugins.
Preloading 0 native plugins for Editor in 0.00 ms.
Unloading 1407 Unused Serialized files (Serialized files now loaded: 0)
System memory in use before: 68.9 MB.
System memory in use after: 69.0 MB.

Unloading 11 unused Assets to reduce memory usage. Loaded Objects now: 1902.
Total: 2.745900 ms (FindLiveObjects: 0.199900 ms CreateObjectMapping: 0.033300 ms MarkObjects: 2.497600 ms  DeleteObjects: 0.013700 ms)

AssetImportParameters requested are different than current active one (requested -> active):
  custom:framework-win-MediaFoundation: 216162199b28c13a410421893ffa2e32 -> 
  custom:video-decoder-ogg-theora: a1e56fd34408186e4bbccfd4996cb3dc -> 
  custom:container-muxer-webm: aa71ff27fc2769a1b78a27578f13a17b -> 
  custom:container-demuxer-webm: 4f35f7cbe854078d1ac9338744f61a02 -> 
  custom:container-demuxer-ogg: 62fdf1f143b41e24485cea50d1cbac27 -> 
  custom:video-encoder-webm-vp8: eb34c28f22e8b96e1ab97ce403110664 -> 
  custom:video-codec-MediaFoundation-h265: 746d11721c4dcdbdad8f713fa42b33f4 -> 
  custom:video-decoder-webm-vp8: 9c59270c3fd7afecdb556c50c9e8de78 -> 
  custom:audio-decoder-ogg-vorbis: bf7c407c2cedff20999df2af8eb42d56 -> 
  custom:audio-encoder-webm-vorbis: bf7c407c2cedff20999df2af8eb42d56 -> 
========================================================================
Received Import Request.
  Time since last request: 3.444095 seconds.
  path: Assets/Score/ScoreDisplay.cs
  artifactKey: Guid(cc143a20510f6954e8efb90d5693e354) Importer(815301076,1909f56bfc062723c751e8b465ee728b)
Start importing Assets/Score/ScoreDisplay.cs using Guid(cc143a20510f6954e8efb90d5693e354) Importer(815301076,1909f56bfc062723c751e8b465ee728b)  -> (artifact id: '3723d39825bafb12a05b7ec9933d3881') in 0.004247 seconds 
  Import took 0.006544 seconds .

========================================================================
Received Prepare
Registering precompiled user dll's ...
Registered in 0.002067 seconds.
Begin MonoManager ReloadAssembly
Native extension for WindowsStandalone target not found
Refreshing native plugins compatible for Editor in 0.32 ms, found 2 plugins.
Preloading 0 native plugins for Editor in 0.00 ms.
Mono: successfully reloaded assembly
- Completed reload, in  0.762 seconds
Domain Reload Profiling:
	ReloadAssembly (762ms)
		BeginReloadAssembly (108ms)
			ExecutionOrderSort (0ms)
			DisableScriptedObjects (3ms)
			BackupInstance (0ms)
			ReleaseScriptingObjects (0ms)
			CreateAndSetChildDomain (27ms)
		EndReloadAssembly (605ms)
			LoadAssemblies (80ms)
			RebuildTransferFunctionScriptingTraits (0ms)
			SetupTypeCache (207ms)
			ReleaseScriptCaches (1ms)
			RebuildScriptCaches (32ms)
			SetupLoadedEditorAssemblies (221ms)
				LogAssemblyErrors (0ms)
				InitializePlatformSupportModulesInManaged (4ms)
				SetLoadedEditorAssemblies (0ms)
				RefreshPlugins (0ms)
				BeforeProcessingInitializeOnLoad (55ms)
				ProcessInitializeOnLoadAttributes (157ms)
				ProcessInitializeOnLoadMethodAttributes (3ms)
				AfterProcessingInitializeOnLoad (2ms)
				EditorAssembliesLoaded (0ms)
			ExecutionOrderSort2 (0ms)
			AwakeInstancesAfterBackupRestoration (5ms)
Platform modules already initialized, skipping
Refreshing native plugins compatible for Editor in 0.32 ms, found 2 plugins.
Preloading 0 native plugins for Editor in 0.00 ms.
Unloading 1406 Unused Serialized files (Serialized files now loaded: 0)
System memory in use before: 68.9 MB.
System memory in use after: 69.0 MB.

Unloading 12 unused Assets to reduce memory usage. Loaded Objects now: 1903.
Total: 2.915800 ms (FindLiveObjects: 0.177100 ms CreateObjectMapping: 0.034100 ms MarkObjects: 2.679100 ms  DeleteObjects: 0.024000 ms)

AssetImportParameters requested are different than current active one (requested -> active):
  custom:framework-win-MediaFoundation: 216162199b28c13a410421893ffa2e32 -> 
  custom:video-decoder-ogg-theora: a1e56fd34408186e4bbccfd4996cb3dc -> 
  custom:container-muxer-webm: aa71ff27fc2769a1b78a27578f13a17b -> 
  custom:container-demuxer-webm: 4f35f7cbe854078d1ac9338744f61a02 -> 
  custom:container-demuxer-ogg: 62fdf1f143b41e24485cea50d1cbac27 -> 
  custom:video-encoder-webm-vp8: eb34c28f22e8b96e1ab97ce403110664 -> 
  custom:video-codec-MediaFoundation-h265: 746d11721c4dcdbdad8f713fa42b33f4 -> 
  custom:video-decoder-webm-vp8: 9c59270c3fd7afecdb556c50c9e8de78 -> 
  custom:audio-decoder-ogg-vorbis: bf7c407c2cedff20999df2af8eb42d56 -> 
  custom:audio-encoder-webm-vorbis: bf7c407c2cedff20999df2af8eb42d56 -> 
========================================================================
Received Import Request.
  Time since last request: 32.940205 seconds.
  path: Assets/Score/HealthDisplay.cs
  artifactKey: Guid(f0bb5d197df01a94ea0b45f9ee45a7dc) Importer(815301076,1909f56bfc062723c751e8b465ee728b)
Start importing Assets/Score/HealthDisplay.cs using Guid(f0bb5d197df01a94ea0b45f9ee45a7dc) Importer(815301076,1909f56bfc062723c751e8b465ee728b)  -> (artifact id: 'f8b0f3a8de17b9f1d6ca355574dd60dd') in 0.004108 seconds 
  Import took 0.006330 seconds .

========================================================================
Received Import Request.
  Time since last request: 24.076409 seconds.
  path: Assets/Score/HealthDisplay.cs
  artifactKey: Guid(f0bb5d197df01a94ea0b45f9ee45a7dc) Importer(815301076,1909f56bfc062723c751e8b465ee728b)
Start importing Assets/Score/HealthDisplay.cs using Guid(f0bb5d197df01a94ea0b45f9ee45a7dc) Importer(815301076,1909f56bfc062723c751e8b465ee728b)  -> (artifact id: '55f2ef07885797b248427bf88d31ead6') in 0.002010 seconds 
  Import took 0.004472 seconds .

========================================================================
Received Import Request.
  Time since last request: 0.012080 seconds.
  path: Assets/Score/HealthDisplay.cs
  artifactKey: Guid(f0bb5d197df01a94ea0b45f9ee45a7dc) Importer(815301076,1909f56bfc062723c751e8b465ee728b)
Start importing Assets/Score/HealthDisplay.cs using Guid(f0bb5d197df01a94ea0b45f9ee45a7dc) Importer(815301076,1909f56bfc062723c751e8b465ee728b)  -> (artifact id: '55f2ef07885797b248427bf88d31ead6') in 0.001945 seconds 
  Import took 0.004621 seconds .

========================================================================
Received Prepare
Registering precompiled user dll's ...
Registered in 0.002097 seconds.
Begin MonoManager ReloadAssembly
Native extension for WindowsStandalone target not found
Refreshing native plugins compatible for Editor in 0.36 ms, found 2 plugins.
Preloading 0 native plugins for Editor in 0.00 ms.
Mono: successfully reloaded assembly
- Completed reload, in  0.764 seconds
Domain Reload Profiling:
	ReloadAssembly (764ms)
		BeginReloadAssembly (117ms)
			ExecutionOrderSort (0ms)
			DisableScriptedObjects (4ms)
			BackupInstance (0ms)
			ReleaseScriptingObjects (0ms)
			CreateAndSetChildDomain (31ms)
		EndReloadAssembly (598ms)
			LoadAssemblies (82ms)
			RebuildTransferFunctionScriptingTraits (0ms)
			SetupTypeCache (210ms)
			ReleaseScriptCaches (1ms)
			RebuildScriptCaches (32ms)
			SetupLoadedEditorAssemblies (211ms)
				LogAssemblyErrors (0ms)
				InitializePlatformSupportModulesInManaged (4ms)
				SetLoadedEditorAssemblies (0ms)
				RefreshPlugins (0ms)
				BeforeProcessingInitializeOnLoad (53ms)
				ProcessInitializeOnLoadAttributes (148ms)
				ProcessInitializeOnLoadMethodAttributes (3ms)
				AfterProcessingInitializeOnLoad (2ms)
				EditorAssembliesLoaded (0ms)
			ExecutionOrderSort2 (0ms)
			AwakeInstancesAfterBackupRestoration (5ms)
Platform modules already initialized, skipping
Refreshing native plugins compatible for Editor in 0.31 ms, found 2 plugins.
Preloading 0 native plugins for Editor in 0.00 ms.
Unloading 1406 Unused Serialized files (Serialized files now loaded: 0)
System memory in use before: 68.9 MB.
System memory in use after: 69.0 MB.

Unloading 11 unused Assets to reduce memory usage. Loaded Objects now: 1905.
Total: 2.630100 ms (FindLiveObjects: 0.163000 ms CreateObjectMapping: 0.030300 ms MarkObjects: 2.418000 ms  DeleteObjects: 0.017900 ms)

AssetImportParameters requested are different than current active one (requested -> active):
  custom:framework-win-MediaFoundation: 216162199b28c13a410421893ffa2e32 -> 
  custom:video-decoder-ogg-theora: a1e56fd34408186e4bbccfd4996cb3dc -> 
  custom:container-muxer-webm: aa71ff27fc2769a1b78a27578f13a17b -> 
  custom:container-demuxer-webm: 4f35f7cbe854078d1ac9338744f61a02 -> 
  custom:container-demuxer-ogg: 62fdf1f143b41e24485cea50d1cbac27 -> 
  custom:video-encoder-webm-vp8: eb34c28f22e8b96e1ab97ce403110664 -> 
  custom:video-codec-MediaFoundation-h265: 746d11721c4dcdbdad8f713fa42b33f4 -> 
  custom:video-decoder-webm-vp8: 9c59270c3fd7afecdb556c50c9e8de78 -> 
  custom:audio-decoder-ogg-vorbis: bf7c407c2cedff20999df2af8eb42d56 -> 
  custom:audio-encoder-webm-vorbis: bf7c407c2cedff20999df2af8eb42d56 -> 
========================================================================
Received Import Request.
  Time since last request: 61.921165 seconds.
  path: Assets/Score/HealthDisplay.cs
  artifactKey: Guid(f0bb5d197df01a94ea0b45f9ee45a7dc) Importer(815301076,1909f56bfc062723c751e8b465ee728b)
Start importing Assets/Score/HealthDisplay.cs using Guid(f0bb5d197df01a94ea0b45f9ee45a7dc) Importer(815301076,1909f56bfc062723c751e8b465ee728b)  -> (artifact id: 'b1dcba8a3b9522364beeb11908da9619') in 0.003940 seconds 
  Import took 0.006011 seconds .

========================================================================
Received Import Request.
  Time since last request: 0.056363 seconds.
  path: Assets/Score/HealthDisplay.cs
  artifactKey: Guid(f0bb5d197df01a94ea0b45f9ee45a7dc) Importer(815301076,1909f56bfc062723c751e8b465ee728b)
Start importing Assets/Score/HealthDisplay.cs using Guid(f0bb5d197df01a94ea0b45f9ee45a7dc) Importer(815301076,1909f56bfc062723c751e8b465ee728b)  -> (artifact id: 'b1dcba8a3b9522364beeb11908da9619') in 0.001870 seconds 
  Import took 0.004363 seconds .

========================================================================
Received Import Request.
  Time since last request: 18.927047 seconds.
  path: Assets/Score/HealthDisplay.cs
  artifactKey: Guid(f0bb5d197df01a94ea0b45f9ee45a7dc) Importer(815301076,1909f56bfc062723c751e8b465ee728b)
Start importing Assets/Score/HealthDisplay.cs using Guid(f0bb5d197df01a94ea0b45f9ee45a7dc) Importer(815301076,1909f56bfc062723c751e8b465ee728b)  -> (artifact id: 'c8e3ad934eb934542d56af112811d066') in 0.001854 seconds 
  Import took 0.003853 seconds .

========================================================================
Received Prepare
Registering precompiled user dll's ...
Registered in 0.002050 seconds.
Begin MonoManager ReloadAssembly
Native extension for WindowsStandalone target not found
Refreshing native plugins compatible for Editor in 0.32 ms, found 2 plugins.
Preloading 0 native plugins for Editor in 0.00 ms.
Mono: successfully reloaded assembly
- Completed reload, in  0.724 seconds
Domain Reload Profiling:
	ReloadAssembly (724ms)
		BeginReloadAssembly (94ms)
			ExecutionOrderSort (0ms)
			DisableScriptedObjects (4ms)
			BackupInstance (0ms)
			ReleaseScriptingObjects (0ms)
			CreateAndSetChildDomain (26ms)
		EndReloadAssembly (582ms)
			LoadAssemblies (78ms)
			RebuildTransferFunctionScriptingTraits (0ms)
			SetupTypeCache (206ms)
			ReleaseScriptCaches (1ms)
			RebuildScriptCaches (30ms)
			SetupLoadedEditorAssemblies (205ms)
				LogAssemblyErrors (0ms)
				InitializePlatformSupportModulesInManaged (4ms)
				SetLoadedEditorAssemblies (0ms)
				RefreshPlugins (0ms)
				BeforeProcessingInitializeOnLoad (51ms)
				ProcessInitializeOnLoadAttributes (145ms)
				ProcessInitializeOnLoadMethodAttributes (3ms)
				AfterProcessingInitializeOnLoad (2ms)
				EditorAssembliesLoaded (0ms)
			ExecutionOrderSort2 (0ms)
			AwakeInstancesAfterBackupRestoration (5ms)
Platform modules already initialized, skipping
Refreshing native plugins compatible for Editor in 0.30 ms, found 2 plugins.
Preloading 0 native plugins for Editor in 0.00 ms.
Unloading 1406 Unused Serialized files (Serialized files now loaded: 0)
System memory in use before: 68.9 MB.
System memory in use after: 69.0 MB.

Unloading 11 unused Assets to reduce memory usage. Loaded Objects now: 1907.
Total: 2.686900 ms (FindLiveObjects: 0.165000 ms CreateObjectMapping: 0.035800 ms MarkObjects: 2.463400 ms  DeleteObjects: 0.021800 ms)

AssetImportParameters requested are different than current active one (requested -> active):
  custom:framework-win-MediaFoundation: 216162199b28c13a410421893ffa2e32 -> 
  custom:video-decoder-ogg-theora: a1e56fd34408186e4bbccfd4996cb3dc -> 
  custom:container-muxer-webm: aa71ff27fc2769a1b78a27578f13a17b -> 
  custom:container-demuxer-webm: 4f35f7cbe854078d1ac9338744f61a02 -> 
  custom:container-demuxer-ogg: 62fdf1f143b41e24485cea50d1cbac27 -> 
  custom:video-encoder-webm-vp8: eb34c28f22e8b96e1ab97ce403110664 -> 
  custom:video-codec-MediaFoundation-h265: 746d11721c4dcdbdad8f713fa42b33f4 -> 
  custom:video-decoder-webm-vp8: 9c59270c3fd7afecdb556c50c9e8de78 -> 
  custom:audio-decoder-ogg-vorbis: bf7c407c2cedff20999df2af8eb42d56 -> 
  custom:audio-encoder-webm-vorbis: bf7c407c2cedff20999df2af8eb42d56 -> 
========================================================================
Received Import Request.
  Time since last request: 24.082112 seconds.
  path: Assets/Score/HealthDisplay.cs
  artifactKey: Guid(f0bb5d197df01a94ea0b45f9ee45a7dc) Importer(815301076,1909f56bfc062723c751e8b465ee728b)
Start importing Assets/Score/HealthDisplay.cs using Guid(f0bb5d197df01a94ea0b45f9ee45a7dc) Importer(815301076,1909f56bfc062723c751e8b465ee728b)  -> (artifact id: '289132abbb1967798e558149f63d064b') in 0.004045 seconds 
  Import took 0.006151 seconds .

========================================================================
Received Prepare
Registering precompiled user dll's ...
Registered in 0.001999 seconds.
Begin MonoManager ReloadAssembly
Native extension for WindowsStandalone target not found
Refreshing native plugins compatible for Editor in 0.33 ms, found 2 plugins.
Preloading 0 native plugins for Editor in 0.00 ms.
Mono: successfully reloaded assembly
- Completed reload, in  0.749 seconds
Domain Reload Profiling:
	ReloadAssembly (749ms)
		BeginReloadAssembly (108ms)
			ExecutionOrderSort (0ms)
			DisableScriptedObjects (4ms)
			BackupInstance (0ms)
			ReleaseScriptingObjects (0ms)
			CreateAndSetChildDomain (26ms)
		EndReloadAssembly (593ms)
			LoadAssemblies (79ms)
			RebuildTransferFunctionScriptingTraits (0ms)
			SetupTypeCache (205ms)
			ReleaseScriptCaches (1ms)
			RebuildScriptCaches (31ms)
			SetupLoadedEditorAssemblies (215ms)
				LogAssemblyErrors (0ms)
				InitializePlatformSupportModulesInManaged (4ms)
				SetLoadedEditorAssemblies (0ms)
				RefreshPlugins (0ms)
				BeforeProcessingInitializeOnLoad (51ms)
				ProcessInitializeOnLoadAttributes (154ms)
				ProcessInitializeOnLoadMethodAttributes (3ms)
				AfterProcessingInitializeOnLoad (2ms)
				EditorAssembliesLoaded (0ms)
			ExecutionOrderSort2 (0ms)
			AwakeInstancesAfterBackupRestoration (5ms)
Platform modules already initialized, skipping
Refreshing native plugins compatible for Editor in 0.33 ms, found 2 plugins.
Preloading 0 native plugins for Editor in 0.00 ms.
Unloading 1406 Unused Serialized files (Serialized files now loaded: 0)
System memory in use before: 68.9 MB.
System memory in use after: 69.0 MB.

Unloading 11 unused Assets to reduce memory usage. Loaded Objects now: 1909.
Total: 2.746900 ms (FindLiveObjects: 0.207200 ms CreateObjectMapping: 0.110300 ms MarkObjects: 2.409000 ms  DeleteObjects: 0.019200 ms)

AssetImportParameters requested are different than current active one (requested -> active):
  custom:framework-win-MediaFoundation: 216162199b28c13a410421893ffa2e32 -> 
  custom:video-decoder-ogg-theora: a1e56fd34408186e4bbccfd4996cb3dc -> 
  custom:container-muxer-webm: aa71ff27fc2769a1b78a27578f13a17b -> 
  custom:container-demuxer-webm: 4f35f7cbe854078d1ac9338744f61a02 -> 
  custom:container-demuxer-ogg: 62fdf1f143b41e24485cea50d1cbac27 -> 
  custom:video-encoder-webm-vp8: eb34c28f22e8b96e1ab97ce403110664 -> 
  custom:video-codec-MediaFoundation-h265: 746d11721c4dcdbdad8f713fa42b33f4 -> 
  custom:video-decoder-webm-vp8: 9c59270c3fd7afecdb556c50c9e8de78 -> 
  custom:audio-decoder-ogg-vorbis: bf7c407c2cedff20999df2af8eb42d56 -> 
  custom:audio-encoder-webm-vorbis: bf7c407c2cedff20999df2af8eb42d56 -> 
========================================================================
Received Import Request.
  Time since last request: 4.672602 seconds.
  path: Assets/Score/HealthDisplay.cs
  artifactKey: Guid(f0bb5d197df01a94ea0b45f9ee45a7dc) Importer(815301076,1909f56bfc062723c751e8b465ee728b)
Start importing Assets/Score/HealthDisplay.cs using Guid(f0bb5d197df01a94ea0b45f9ee45a7dc) Importer(815301076,1909f56bfc062723c751e8b465ee728b)  -> (artifact id: '8bf2b82bb30b955218d50dffe1bcd8f5') in 0.003844 seconds 
  Import took 0.006011 seconds .

========================================================================
Received Import Request.
  Time since last request: 0.055016 seconds.
  path: Assets/Score/HealthDisplay.cs
  artifactKey: Guid(f0bb5d197df01a94ea0b45f9ee45a7dc) Importer(815301076,1909f56bfc062723c751e8b465ee728b)
Start importing Assets/Score/HealthDisplay.cs using Guid(f0bb5d197df01a94ea0b45f9ee45a7dc) Importer(815301076,1909f56bfc062723c751e8b465ee728b)  -> (artifact id: '8bf2b82bb30b955218d50dffe1bcd8f5') in 0.002015 seconds 
  Import took 0.004527 seconds .

========================================================================
Received Prepare
Registering precompiled user dll's ...
Registered in 0.002105 seconds.
Begin MonoManager ReloadAssembly
Native extension for WindowsStandalone target not found
Refreshing native plugins compatible for Editor in 0.31 ms, found 2 plugins.
Preloading 0 native plugins for Editor in 0.00 ms.
Mono: successfully reloaded assembly
- Completed reload, in  0.730 seconds
Domain Reload Profiling:
	ReloadAssembly (730ms)
		BeginReloadAssembly (94ms)
			ExecutionOrderSort (0ms)
			DisableScriptedObjects (4ms)
			BackupInstance (0ms)
			ReleaseScriptingObjects (0ms)
			CreateAndSetChildDomain (26ms)
		EndReloadAssembly (588ms)
			LoadAssemblies (78ms)
			RebuildTransferFunctionScriptingTraits (0ms)
			SetupTypeCache (208ms)
			ReleaseScriptCaches (1ms)
			RebuildScriptCaches (31ms)
			SetupLoadedEditorAssemblies (209ms)
				LogAssemblyErrors (0ms)
				InitializePlatformSupportModulesInManaged (4ms)
				SetLoadedEditorAssemblies (0ms)
				RefreshPlugins (0ms)
				BeforeProcessingInitializeOnLoad (52ms)
				ProcessInitializeOnLoadAttributes (148ms)
				ProcessInitializeOnLoadMethodAttributes (3ms)
				AfterProcessingInitializeOnLoad (2ms)
				EditorAssembliesLoaded (0ms)
			ExecutionOrderSort2 (0ms)
			AwakeInstancesAfterBackupRestoration (5ms)
Platform modules already initialized, skipping
Refreshing native plugins compatible for Editor in 0.31 ms, found 2 plugins.
Preloading 0 native plugins for Editor in 0.00 ms.
Unloading 1406 Unused Serialized files (Serialized files now loaded: 0)
System memory in use before: 68.9 MB.
System memory in use after: 69.1 MB.

Unloading 11 unused Assets to reduce memory usage. Loaded Objects now: 1911.
Total: 2.594100 ms (FindLiveObjects: 0.165300 ms CreateObjectMapping: 0.030600 ms MarkObjects: 2.380400 ms  DeleteObjects: 0.016900 ms)

AssetImportParameters requested are different than current active one (requested -> active):
  custom:framework-win-MediaFoundation: 216162199b28c13a410421893ffa2e32 -> 
  custom:video-decoder-ogg-theora: a1e56fd34408186e4bbccfd4996cb3dc -> 
  custom:container-muxer-webm: aa71ff27fc2769a1b78a27578f13a17b -> 
  custom:container-demuxer-webm: 4f35f7cbe854078d1ac9338744f61a02 -> 
  custom:container-demuxer-ogg: 62fdf1f143b41e24485cea50d1cbac27 -> 
  custom:video-encoder-webm-vp8: eb34c28f22e8b96e1ab97ce403110664 -> 
  custom:video-codec-MediaFoundation-h265: 746d11721c4dcdbdad8f713fa42b33f4 -> 
  custom:video-decoder-webm-vp8: 9c59270c3fd7afecdb556c50c9e8de78 -> 
  custom:audio-decoder-ogg-vorbis: bf7c407c2cedff20999df2af8eb42d56 -> 
  custom:audio-encoder-webm-vorbis: bf7c407c2cedff20999df2af8eb42d56 -> 
========================================================================
Received Import Request.
  Time since last request: 64.628694 seconds.
  path: Assets/Health/HealthHolder.cs
  artifactKey: Guid(fc4af2a456aeb9448859f40c5c266975) Importer(815301076,1909f56bfc062723c751e8b465ee728b)
Start importing Assets/Health/HealthHolder.cs using Guid(fc4af2a456aeb9448859f40c5c266975) Importer(815301076,1909f56bfc062723c751e8b465ee728b)  -> (artifact id: 'be112c112fba887e4a87d941387b38d6') in 0.008016 seconds 
  Import took 0.010589 seconds .

========================================================================
Received Import Request.
  Time since last request: 21.430123 seconds.
  path: Assets/Health/HealthHolder.cs
  artifactKey: Guid(fc4af2a456aeb9448859f40c5c266975) Importer(815301076,1909f56bfc062723c751e8b465ee728b)
Start importing Assets/Health/HealthHolder.cs using Guid(fc4af2a456aeb9448859f40c5c266975) Importer(815301076,1909f56bfc062723c751e8b465ee728b)  -> (artifact id: '5c0fc2f6a6f72dee19acc63094e4a569') in 0.001780 seconds 
  Import took 0.004025 seconds .

========================================================================
Received Import Request.
  Time since last request: 0.000367 seconds.
  path: Assets/Health/HealthHolder.cs
  artifactKey: Guid(fc4af2a456aeb9448859f40c5c266975) Importer(815301076,1909f56bfc062723c751e8b465ee728b)
Start importing Assets/Health/HealthHolder.cs using Guid(fc4af2a456aeb9448859f40c5c266975) Importer(815301076,1909f56bfc062723c751e8b465ee728b)  -> (artifact id: '5c0fc2f6a6f72dee19acc63094e4a569') in 0.001739 seconds 
  Import took 0.003555 seconds .

========================================================================
Received Import Request.
  Time since last request: 3.458406 seconds.
  path: Assets/Health/HealthHolder.cs
  artifactKey: Guid(fc4af2a456aeb9448859f40c5c266975) Importer(815301076,1909f56bfc062723c751e8b465ee728b)
Start importing Assets/Health/HealthHolder.cs using Guid(fc4af2a456aeb9448859f40c5c266975) Importer(815301076,1909f56bfc062723c751e8b465ee728b)  -> (artifact id: 'e766dadf061b315a2c263e552cd92b84') in 0.001914 seconds 
  Import took 0.004157 seconds .

========================================================================
Received Import Request.
  Time since last request: 0.000562 seconds.
  path: Assets/Health/HealthHolder.cs
  artifactKey: Guid(fc4af2a456aeb9448859f40c5c266975) Importer(815301076,1909f56bfc062723c751e8b465ee728b)
Start importing Assets/Health/HealthHolder.cs using Guid(fc4af2a456aeb9448859f40c5c266975) Importer(815301076,1909f56bfc062723c751e8b465ee728b)  -> (artifact id: 'e766dadf061b315a2c263e552cd92b84') in 0.001649 seconds 
  Import took 0.004033 seconds .

========================================================================
Received Import Request.
  Time since last request: 77.564760 seconds.
  path: Assets/Health/HealthHolder.cs
  artifactKey: Guid(fc4af2a456aeb9448859f40c5c266975) Importer(815301076,1909f56bfc062723c751e8b465ee728b)
Start importing Assets/Health/HealthHolder.cs using Guid(fc4af2a456aeb9448859f40c5c266975) Importer(815301076,1909f56bfc062723c751e8b465ee728b)  -> (artifact id: 'b4474cb24f57de219290c317df8df45f') in 0.001810 seconds 
  Import took 0.004278 seconds .

========================================================================
Received Import Request.
  Time since last request: 8.021304 seconds.
  path: Assets/Health/HealthHolder.cs
  artifactKey: Guid(fc4af2a456aeb9448859f40c5c266975) Importer(815301076,1909f56bfc062723c751e8b465ee728b)
Start importing Assets/Health/HealthHolder.cs using Guid(fc4af2a456aeb9448859f40c5c266975) Importer(815301076,1909f56bfc062723c751e8b465ee728b)  -> (artifact id: '543718512b569087f6a30e2026d907c8') in 0.001986 seconds 
  Import took 0.004397 seconds .

========================================================================
Received Import Request.
  Time since last request: 0.000467 seconds.
  path: Assets/Health/HealthHolder.cs
  artifactKey: Guid(fc4af2a456aeb9448859f40c5c266975) Importer(815301076,1909f56bfc062723c751e8b465ee728b)
Start importing Assets/Health/HealthHolder.cs using Guid(fc4af2a456aeb9448859f40c5c266975) Importer(815301076,1909f56bfc062723c751e8b465ee728b)  -> (artifact id: '543718512b569087f6a30e2026d907c8') in 0.001838 seconds 
  Import took 0.003863 seconds .

========================================================================
Received Import Request.
  Time since last request: 103.106301 seconds.
  path: Assets/Shooting/Shootable.cs
  artifactKey: Guid(06618fa8ca6a79a429e6ca845e0c3fa6) Importer(815301076,1909f56bfc062723c751e8b465ee728b)
Start importing Assets/Shooting/Shootable.cs using Guid(06618fa8ca6a79a429e6ca845e0c3fa6) Importer(815301076,1909f56bfc062723c751e8b465ee728b)  -> (artifact id: '203c7d31df5e6bf42f4d06cfedf3d99e') in 0.005121 seconds 
  Import took 0.007502 seconds .

========================================================================
Received Import Request.
  Time since last request: 41.630950 seconds.
  path: Assets/Shooting/Shootable.cs
  artifactKey: Guid(06618fa8ca6a79a429e6ca845e0c3fa6) Importer(815301076,1909f56bfc062723c751e8b465ee728b)
Start importing Assets/Shooting/Shootable.cs using Guid(06618fa8ca6a79a429e6ca845e0c3fa6) Importer(815301076,1909f56bfc062723c751e8b465ee728b)  -> (artifact id: '64ea22f9b66e9497b2d289ba1517aabd') in 0.001950 seconds 
  Import took 0.004388 seconds .

========================================================================
Received Import Request.
  Time since last request: 0.000776 seconds.
  path: Assets/Shooting/Shootable.cs
  artifactKey: Guid(06618fa8ca6a79a429e6ca845e0c3fa6) Importer(815301076,1909f56bfc062723c751e8b465ee728b)
Start importing Assets/Shooting/Shootable.cs using Guid(06618fa8ca6a79a429e6ca845e0c3fa6) Importer(815301076,1909f56bfc062723c751e8b465ee728b)  -> (artifact id: '64ea22f9b66e9497b2d289ba1517aabd') in 0.002235 seconds 
  Import took 0.004643 seconds .

========================================================================
Received Import Request.
  Time since last request: 33.564731 seconds.
  path: Assets/Shooting/Shootable.cs
  artifactKey: Guid(06618fa8ca6a79a429e6ca845e0c3fa6) Importer(815301076,1909f56bfc062723c751e8b465ee728b)
Start importing Assets/Shooting/Shootable.cs using Guid(06618fa8ca6a79a429e6ca845e0c3fa6) Importer(815301076,1909f56bfc062723c751e8b465ee728b)  -> (artifact id: '2417c1db72836e25c8072876191cbb13') in 0.001987 seconds 
  Import took 0.004363 seconds .

========================================================================
Received Import Request.
  Time since last request: 0.008955 seconds.
  path: Assets/Shooting/Shootable.cs
  artifactKey: Guid(06618fa8ca6a79a429e6ca845e0c3fa6) Importer(815301076,1909f56bfc062723c751e8b465ee728b)
Start importing Assets/Shooting/Shootable.cs using Guid(06618fa8ca6a79a429e6ca845e0c3fa6) Importer(815301076,1909f56bfc062723c751e8b465ee728b)  -> (artifact id: '2417c1db72836e25c8072876191cbb13') in 0.002424 seconds 
  Import took 0.005282 seconds .

========================================================================
Received Import Request.
  Time since last request: 3.345576 seconds.
  path: Assets/Shooting/Shootable.cs
  artifactKey: Guid(06618fa8ca6a79a429e6ca845e0c3fa6) Importer(815301076,1909f56bfc062723c751e8b465ee728b)
Start importing Assets/Shooting/Shootable.cs using Guid(06618fa8ca6a79a429e6ca845e0c3fa6) Importer(815301076,1909f56bfc062723c751e8b465ee728b)  -> (artifact id: 'f9027a8b1895f873b8c7d07cafed3889') in 0.001714 seconds 
  Import took 0.003750 seconds .

========================================================================
Received Import Request.
  Time since last request: 0.000249 seconds.
  path: Assets/Shooting/Shootable.cs
  artifactKey: Guid(06618fa8ca6a79a429e6ca845e0c3fa6) Importer(815301076,1909f56bfc062723c751e8b465ee728b)
Start importing Assets/Shooting/Shootable.cs using Guid(06618fa8ca6a79a429e6ca845e0c3fa6) Importer(815301076,1909f56bfc062723c751e8b465ee728b)  -> (artifact id: 'f9027a8b1895f873b8c7d07cafed3889') in 0.001590 seconds 
  Import took 0.003357 seconds .

========================================================================
Received Import Request.
  Time since last request: 11.003626 seconds.
  path: Assets/Shooting/Shootable.cs
  artifactKey: Guid(06618fa8ca6a79a429e6ca845e0c3fa6) Importer(815301076,1909f56bfc062723c751e8b465ee728b)
Start importing Assets/Shooting/Shootable.cs using Guid(06618fa8ca6a79a429e6ca845e0c3fa6) Importer(815301076,1909f56bfc062723c751e8b465ee728b)  -> (artifact id: 'd54a7fdc75c2ca1c04cab68b299494f1') in 0.001979 seconds 
  Import took 0.004288 seconds .

========================================================================
Received Import Request.
  Time since last request: 0.011144 seconds.
  path: Assets/Shooting/Shootable.cs
  artifactKey: Guid(06618fa8ca6a79a429e6ca845e0c3fa6) Importer(815301076,1909f56bfc062723c751e8b465ee728b)
Start importing Assets/Shooting/Shootable.cs using Guid(06618fa8ca6a79a429e6ca845e0c3fa6) Importer(815301076,1909f56bfc062723c751e8b465ee728b)  -> (artifact id: 'd54a7fdc75c2ca1c04cab68b299494f1') in 0.001691 seconds 
  Import took 0.004206 seconds .

========================================================================
Received Import Request.
  Time since last request: 92.158736 seconds.
  path: Assets/Shooting/Shootable.cs
  artifactKey: Guid(06618fa8ca6a79a429e6ca845e0c3fa6) Importer(815301076,1909f56bfc062723c751e8b465ee728b)
Start importing Assets/Shooting/Shootable.cs using Guid(06618fa8ca6a79a429e6ca845e0c3fa6) Importer(815301076,1909f56bfc062723c751e8b465ee728b)  -> (artifact id: '839bb8d0010ef94ae651b60d636b65a4') in 0.001962 seconds 
  Import took 0.004221 seconds .

========================================================================
Received Import Request.
  Time since last request: 14.335719 seconds.
  path: Assets/Health/HealthDisplay.cs
  artifactKey: Guid(f0bb5d197df01a94ea0b45f9ee45a7dc) Importer(815301076,1909f56bfc062723c751e8b465ee728b)
Start importing Assets/Health/HealthDisplay.cs using Guid(f0bb5d197df01a94ea0b45f9ee45a7dc) Importer(815301076,1909f56bfc062723c751e8b465ee728b)  -> (artifact id: '15124205bd8b3ff75f2fd585cee53243') in 0.001846 seconds 
  Import took 0.004041 seconds .

========================================================================
Received Import Request.
  Time since last request: 0.003103 seconds.
  path: Assets/Health/HealthDisplay.cs
  artifactKey: Guid(f0bb5d197df01a94ea0b45f9ee45a7dc) Importer(815301076,1909f56bfc062723c751e8b465ee728b)
Start importing Assets/Health/HealthDisplay.cs using Guid(f0bb5d197df01a94ea0b45f9ee45a7dc) Importer(815301076,1909f56bfc062723c751e8b465ee728b)  -> (artifact id: '15124205bd8b3ff75f2fd585cee53243') in 0.001706 seconds 
  Import took 0.003891 seconds .

========================================================================
Received Import Request.
  Time since last request: 15.997390 seconds.
  path: Assets/Health/Viable.cs
  artifactKey: Guid(67d4be1d87f698b428e5d65354db7324) Importer(815301076,1909f56bfc062723c751e8b465ee728b)
Start importing Assets/Health/Viable.cs using Guid(67d4be1d87f698b428e5d65354db7324) Importer(815301076,1909f56bfc062723c751e8b465ee728b)  -> (artifact id: '8d84572cd793e32d0d56886ad5eeb64e') in 0.009952 seconds 
  Import took 0.013360 seconds .

========================================================================
Received Import Request.
  Time since last request: 5.947667 seconds.
  path: Assets/Health/Viable.cs
  artifactKey: Guid(67d4be1d87f698b428e5d65354db7324) Importer(815301076,1909f56bfc062723c751e8b465ee728b)
Start importing Assets/Health/Viable.cs using Guid(67d4be1d87f698b428e5d65354db7324) Importer(815301076,1909f56bfc062723c751e8b465ee728b)  -> (artifact id: 'a8967ef79662aa50d430031c19145b6a') in 0.002305 seconds 
  Import took 0.004718 seconds .

========================================================================
Received Import Request.
  Time since last request: 48.950234 seconds.
  path: Assets/Health/Viable.cs
  artifactKey: Guid(67d4be1d87f698b428e5d65354db7324) Importer(815301076,1909f56bfc062723c751e8b465ee728b)
Start importing Assets/Health/Viable.cs using Guid(67d4be1d87f698b428e5d65354db7324) Importer(815301076,1909f56bfc062723c751e8b465ee728b)  -> (artifact id: '30a758f85df92dcdd870febe1939709d') in 0.001934 seconds 
  Import took 0.004430 seconds .

========================================================================
Received Import Request.
  Time since last request: 13.976696 seconds.
  path: Assets/Health/Viable.cs
  artifactKey: Guid(67d4be1d87f698b428e5d65354db7324) Importer(815301076,1909f56bfc062723c751e8b465ee728b)
Start importing Assets/Health/Viable.cs using Guid(67d4be1d87f698b428e5d65354db7324) Importer(815301076,1909f56bfc062723c751e8b465ee728b)  -> (artifact id: '03899dcb9bcb3509e59251b6162d5c20') in 0.002032 seconds 
  Import took 0.004410 seconds .

========================================================================
Received Import Request.
  Time since last request: 4.060825 seconds.
  path: Assets/Health/Viable.cs
  artifactKey: Guid(67d4be1d87f698b428e5d65354db7324) Importer(815301076,1909f56bfc062723c751e8b465ee728b)
Start importing Assets/Health/Viable.cs using Guid(67d4be1d87f698b428e5d65354db7324) Importer(815301076,1909f56bfc062723c751e8b465ee728b)  -> (artifact id: '05689a0fb5adcd967eacfa759b99eb20') in 0.001756 seconds 
  Import took 0.004010 seconds .

========================================================================
Received Import Request.
  Time since last request: 0.007882 seconds.
  path: Assets/Health/Viable.cs
  artifactKey: Guid(67d4be1d87f698b428e5d65354db7324) Importer(815301076,1909f56bfc062723c751e8b465ee728b)
Start importing Assets/Health/Viable.cs using Guid(67d4be1d87f698b428e5d65354db7324) Importer(815301076,1909f56bfc062723c751e8b465ee728b)  -> (artifact id: '05689a0fb5adcd967eacfa759b99eb20') in 0.001870 seconds 
  Import took 0.004161 seconds .

========================================================================
Received Import Request.
  Time since last request: 37.425278 seconds.
  path: Assets/Health/Viable.cs
  artifactKey: Guid(67d4be1d87f698b428e5d65354db7324) Importer(815301076,1909f56bfc062723c751e8b465ee728b)
Start importing Assets/Health/Viable.cs using Guid(67d4be1d87f698b428e5d65354db7324) Importer(815301076,1909f56bfc062723c751e8b465ee728b)  -> (artifact id: '1e95065dc85dbe4e5929484b2582f526') in 0.002103 seconds 
  Import took 0.004351 seconds .

========================================================================
Received Import Request.
  Time since last request: 0.000884 seconds.
  path: Assets/Health/Viable.cs
  artifactKey: Guid(67d4be1d87f698b428e5d65354db7324) Importer(815301076,1909f56bfc062723c751e8b465ee728b)
Start importing Assets/Health/Viable.cs using Guid(67d4be1d87f698b428e5d65354db7324) Importer(815301076,1909f56bfc062723c751e8b465ee728b)  -> (artifact id: '1e95065dc85dbe4e5929484b2582f526') in 0.001793 seconds 
  Import took 0.003644 seconds .

