Using pre-set license
Built from '2020.3/staging' branch; Version is '2020.3.18f1 (a7d1c678663c) revision 10998214'; Using compiler version '192528614'; Build Type 'Release'
OS: 'Windows 10 Pro; OS build 19042.1165; Version 2009; 64bit' Language: 'ru' Physical Memory: 16317 MB
BatchMode: 1, IsHumanControllingUs: 0, StartBugReporterOnCrash: 0, Is64bit: 1, IsPro: 0

COMMAND LINE ARGUMENTS:
E:\UnityEditor\2020.3.18f1\Editor\Unity.exe
-adb2
-batchMode
-noUpm
-name
AssetImportWorker0
-projectPath
E:/kill-me/asteroid-game
-logFile
Logs/AssetImportWorker0.log
-srvPort
56570
Successfully changed project path to: E:/kill-me/asteroid-game
E:/kill-me/asteroid-game
Using Asset Import Pipeline V2.
Refreshing native plugins compatible for Editor in 25.04 ms, found 2 plugins.
Preloading 0 native plugins for Editor in 0.00 ms.
Initialize engine version: 2020.3.18f1 (a7d1c678663c)
[Subsystems] Discovering subsystems at path E:/UnityEditor/2020.3.18f1/Editor/Data/Resources/UnitySubsystems
[Subsystems] Discovering subsystems at path E:/kill-me/asteroid-game/Assets
GfxDevice: creating device client; threaded=0
Direct3D:
    Version:  Direct3D 11.0 [level 11.1]
    Renderer: Radeon RX550/550 Series (ID=0x699f)
    Vendor:   
    VRAM:     4076 MB
    Driver:   27.20.14535.3005
Initialize mono
Mono path[0] = 'E:/UnityEditor/2020.3.18f1/Editor/Data/Managed'
Mono path[1] = 'E:/UnityEditor/2020.3.18f1/Editor/Data/MonoBleedingEdge/lib/mono/unityjit'
Mono config path = 'E:/UnityEditor/2020.3.18f1/Editor/Data/MonoBleedingEdge/etc'
Using monoOptions --debugger-agent=transport=dt_socket,embedding=1,server=y,suspend=n,address=127.0.0.1:56012
Begin MonoManager ReloadAssembly
Registering precompiled unity dll's ...
Register platform support module: E:/UnityEditor/2020.3.18f1/Editor/Data/PlaybackEngines/WindowsStandaloneSupport/UnityEditor.WindowsStandalone.Extensions.dll
Registered in 0.001016 seconds.
Native extension for WindowsStandalone target not found
Refreshing native plugins compatible for Editor in 25.53 ms, found 2 plugins.
Preloading 0 native plugins for Editor in 0.00 ms.
Mono: successfully reloaded assembly
- Completed reload, in  1.731 seconds
Domain Reload Profiling:
	ReloadAssembly (1732ms)
		BeginReloadAssembly (52ms)
			ExecutionOrderSort (0ms)
			DisableScriptedObjects (0ms)
			BackupInstance (0ms)
			ReleaseScriptingObjects (0ms)
			CreateAndSetChildDomain (1ms)
		EndReloadAssembly (325ms)
			LoadAssemblies (51ms)
			RebuildTransferFunctionScriptingTraits (0ms)
			SetupTypeCache (122ms)
			ReleaseScriptCaches (0ms)
			RebuildScriptCaches (25ms)
			SetupLoadedEditorAssemblies (126ms)
				LogAssemblyErrors (0ms)
				InitializePlatformSupportModulesInManaged (3ms)
				SetLoadedEditorAssemblies (0ms)
				RefreshPlugins (26ms)
				BeforeProcessingInitializeOnLoad (13ms)
				ProcessInitializeOnLoadAttributes (62ms)
				ProcessInitializeOnLoadMethodAttributes (22ms)
				AfterProcessingInitializeOnLoad (0ms)
				EditorAssembliesLoaded (0ms)
			ExecutionOrderSort2 (0ms)
			AwakeInstancesAfterBackupRestoration (0ms)
Platform modules already initialized, skipping
Registering precompiled user dll's ...
Registered in 0.001994 seconds.
Begin MonoManager ReloadAssembly
Native extension for WindowsStandalone target not found
Refreshing native plugins compatible for Editor in 0.34 ms, found 2 plugins.
Preloading 0 native plugins for Editor in 0.00 ms.
Mono: successfully reloaded assembly
- Completed reload, in  0.794 seconds
Domain Reload Profiling:
	ReloadAssembly (795ms)
		BeginReloadAssembly (129ms)
			ExecutionOrderSort (0ms)
			DisableScriptedObjects (4ms)
			BackupInstance (0ms)
			ReleaseScriptingObjects (0ms)
			CreateAndSetChildDomain (17ms)
		EndReloadAssembly (617ms)
			LoadAssemblies (79ms)
			RebuildTransferFunctionScriptingTraits (0ms)
			SetupTypeCache (215ms)
			ReleaseScriptCaches (0ms)
			RebuildScriptCaches (34ms)
			SetupLoadedEditorAssemblies (228ms)
				LogAssemblyErrors (0ms)
				InitializePlatformSupportModulesInManaged (4ms)
				SetLoadedEditorAssemblies (0ms)
				RefreshPlugins (0ms)
				BeforeProcessingInitializeOnLoad (57ms)
				ProcessInitializeOnLoadAttributes (161ms)
				ProcessInitializeOnLoadMethodAttributes (3ms)
				AfterProcessingInitializeOnLoad (2ms)
				EditorAssembliesLoaded (0ms)
			ExecutionOrderSort2 (0ms)
			AwakeInstancesAfterBackupRestoration (5ms)
Platform modules already initialized, skipping
========================================================================
Worker process is ready to serve import requests
Launched and connected shader compiler UnityShaderCompiler.exe after 0.04 seconds
Refreshing native plugins compatible for Editor in 0.33 ms, found 2 plugins.
Preloading 0 native plugins for Editor in 0.00 ms.
Unloading 1421 Unused Serialized files (Serialized files now loaded: 0)
System memory in use before: 65.8 MB.
System memory in use after: 65.9 MB.

Unloading 16 unused Assets to reduce memory usage. Loaded Objects now: 1859.
Total: 2.648500 ms (FindLiveObjects: 0.163000 ms CreateObjectMapping: 0.029600 ms MarkObjects: 2.382000 ms  DeleteObjects: 0.072900 ms)

AssetImportParameters requested are different than current active one (requested -> active):
  custom:framework-win-MediaFoundation: 216162199b28c13a410421893ffa2e32 -> 
  custom:video-decoder-ogg-theora: a1e56fd34408186e4bbccfd4996cb3dc -> 
  custom:container-muxer-webm: aa71ff27fc2769a1b78a27578f13a17b -> 
  custom:container-demuxer-webm: 4f35f7cbe854078d1ac9338744f61a02 -> 
  custom:container-demuxer-ogg: 62fdf1f143b41e24485cea50d1cbac27 -> 
  custom:video-encoder-webm-vp8: eb34c28f22e8b96e1ab97ce403110664 -> 
  custom:video-codec-MediaFoundation-h265: 746d11721c4dcdbdad8f713fa42b33f4 -> 
  custom:video-decoder-webm-vp8: 9c59270c3fd7afecdb556c50c9e8de78 -> 
  custom:audio-decoder-ogg-vorbis: bf7c407c2cedff20999df2af8eb42d56 -> 
  custom:audio-encoder-webm-vorbis: bf7c407c2cedff20999df2af8eb42d56 -> 
========================================================================
Received Import Request.
  path: Assets/Health.cs
  artifactKey: Guid(6775409e25a01034292db83ce4b66b87) Importer(815301076,1909f56bfc062723c751e8b465ee728b)
Start importing Assets/Health.cs using Guid(6775409e25a01034292db83ce4b66b87) Importer(815301076,1909f56bfc062723c751e8b465ee728b)  -> (artifact id: 'c324d84a25b6b0084f84d62ed60c2030') in 0.041704 seconds 
  Import took 0.044059 seconds .

========================================================================
Received Import Request.
  Time since last request: 333.871337 seconds.
  path: Assets/Health/Viable.cs
  artifactKey: Guid(67d4be1d87f698b428e5d65354db7324) Importer(815301076,1909f56bfc062723c751e8b465ee728b)
Start importing Assets/Health/Viable.cs using Guid(67d4be1d87f698b428e5d65354db7324) Importer(815301076,1909f56bfc062723c751e8b465ee728b)  -> (artifact id: '7cfae4fd352405104500322764d84afc') in 0.005768 seconds 
  Import took 0.008267 seconds .

========================================================================
Received Import Request.
  Time since last request: 0.001133 seconds.
  path: Assets/Health/Viable.cs
  artifactKey: Guid(67d4be1d87f698b428e5d65354db7324) Importer(815301076,1909f56bfc062723c751e8b465ee728b)
Start importing Assets/Health/Viable.cs using Guid(67d4be1d87f698b428e5d65354db7324) Importer(815301076,1909f56bfc062723c751e8b465ee728b)  -> (artifact id: '7cfae4fd352405104500322764d84afc') in 0.002437 seconds 
  Import took 0.004318 seconds .

========================================================================
Received Import Request.
  Time since last request: 293.018993 seconds.
  path: Assets/GameEntities/Prefabs/Big rock.prefab
  artifactKey: Guid(e226a87f601888842b5df8849fe1a4f8) Importer(815301076,1909f56bfc062723c751e8b465ee728b)
Start importing Assets/GameEntities/Prefabs/Big rock.prefab using Guid(e226a87f601888842b5df8849fe1a4f8) Importer(815301076,1909f56bfc062723c751e8b465ee728b)  -> (artifact id: '0fc18f2aaae1c71575d975579a9f5b1a') in 0.077587 seconds 
  Import took 0.082058 seconds .

========================================================================
Received Import Request.
  Time since last request: 0.000292 seconds.
  path: Assets/GameEntities/Prefabs/Ship.prefab
  artifactKey: Guid(5f6ad6f7a9b688246a884acfb9b7c660) Importer(815301076,1909f56bfc062723c751e8b465ee728b)
Start importing Assets/GameEntities/Prefabs/Ship.prefab using Guid(5f6ad6f7a9b688246a884acfb9b7c660) Importer(815301076,1909f56bfc062723c751e8b465ee728b)  -> (artifact id: '8fe4d7b7c011a07ab4049771c55aa9b5') in 0.017423 seconds 
  Import took 0.019577 seconds .

========================================================================
Received Import Request.
  Time since last request: 0.000293 seconds.
  path: Assets/GameEntities/Prefabs/Bullet.prefab
  artifactKey: Guid(907edced9cb349840821ed1020bff9ba) Importer(815301076,1909f56bfc062723c751e8b465ee728b)
Start importing Assets/GameEntities/Prefabs/Bullet.prefab using Guid(907edced9cb349840821ed1020bff9ba) Importer(815301076,1909f56bfc062723c751e8b465ee728b)  -> (artifact id: '83ebf6e32098bc1da49aa236dda45657') in 0.017793 seconds 
  Import took 0.019931 seconds .

========================================================================
Received Import Request.
  Time since last request: 0.000224 seconds.
  path: Assets/GameEntities/Prefabs/UFO.prefab
  artifactKey: Guid(c5798c2971a06f24c8051081f763e630) Importer(815301076,1909f56bfc062723c751e8b465ee728b)
Start importing Assets/GameEntities/Prefabs/UFO.prefab using Guid(c5798c2971a06f24c8051081f763e630) Importer(815301076,1909f56bfc062723c751e8b465ee728b)  -> (artifact id: 'c037ae395510484344a76613869f8f14') in 0.016590 seconds 
  Import took 0.018712 seconds .

========================================================================
Received Import Request.
  Time since last request: 0.000239 seconds.
  path: Assets/GameEntities/Prefabs/Small rock.prefab
  artifactKey: Guid(be46eb5ced5b1bb4a9bc5368bfea97cc) Importer(815301076,1909f56bfc062723c751e8b465ee728b)
Start importing Assets/GameEntities/Prefabs/Small rock.prefab using Guid(be46eb5ced5b1bb4a9bc5368bfea97cc) Importer(815301076,1909f56bfc062723c751e8b465ee728b)  -> (artifact id: 'c9cf3d2e3e83e431ff4611423c556f19') in 0.013266 seconds 
  Import took 0.015820 seconds .

========================================================================
Received Import Request.
  Time since last request: 0.000186 seconds.
  path: Assets/GameEntities/Prefabs/Mid rock.prefab
  artifactKey: Guid(057bb97b472f13f479ce9df6dd550dc6) Importer(815301076,1909f56bfc062723c751e8b465ee728b)
Start importing Assets/GameEntities/Prefabs/Mid rock.prefab using Guid(057bb97b472f13f479ce9df6dd550dc6) Importer(815301076,1909f56bfc062723c751e8b465ee728b)  -> (artifact id: '467f3d5b4fc20ea102cb5ef116f8bbeb') in 0.013154 seconds 
  Import took 0.015382 seconds .

========================================================================
Received Import Request.
  Time since last request: 3.114878 seconds.
  path: Assets/GameEntities/Health.cs
  artifactKey: Guid(6775409e25a01034292db83ce4b66b87) Importer(815301076,1909f56bfc062723c751e8b465ee728b)
Start importing Assets/GameEntities/Health.cs using Guid(6775409e25a01034292db83ce4b66b87) Importer(815301076,1909f56bfc062723c751e8b465ee728b)  -> (artifact id: 'beeff19dcf80675d646529d2005bc1fb') in 0.001755 seconds 
  Import took 0.003950 seconds .

========================================================================
Received Import Request.
  Time since last request: 148.260650 seconds.
  path: Assets/Handling/Movable.cs
  artifactKey: Guid(8d28688c57e70294a8894c0f670c6e82) Importer(815301076,1909f56bfc062723c751e8b465ee728b)
Start importing Assets/Handling/Movable.cs using Guid(8d28688c57e70294a8894c0f670c6e82) Importer(815301076,1909f56bfc062723c751e8b465ee728b)  -> (artifact id: '329ae91c07c53db807947c6a4b796031') in 0.004683 seconds 
  Import took 0.007355 seconds .

========================================================================
Received Import Request.
  Time since last request: 0.001126 seconds.
  path: Assets/Handling/Movable.cs
  artifactKey: Guid(8d28688c57e70294a8894c0f670c6e82) Importer(815301076,1909f56bfc062723c751e8b465ee728b)
Start importing Assets/Handling/Movable.cs using Guid(8d28688c57e70294a8894c0f670c6e82) Importer(815301076,1909f56bfc062723c751e8b465ee728b)  -> (artifact id: '329ae91c07c53db807947c6a4b796031') in 0.001532 seconds 
  Import took 0.003509 seconds .

========================================================================
Received Import Request.
  Time since last request: 19.118586 seconds.
  path: Assets/GameEntities/Shooting.cs
  artifactKey: Guid(cffbebcaef5dd554cb97ffd8582f8581) Importer(815301076,1909f56bfc062723c751e8b465ee728b)
Start importing Assets/GameEntities/Shooting.cs using Guid(cffbebcaef5dd554cb97ffd8582f8581) Importer(815301076,1909f56bfc062723c751e8b465ee728b)  -> (artifact id: '323edc01211cb41e5f7c06d2f8d7685f') in 0.004677 seconds 
  Import took 0.006962 seconds .

========================================================================
Received Import Request.
  Time since last request: 19.795455 seconds.
  path: Assets/GameEntities/Shooting.cs
  artifactKey: Guid(cffbebcaef5dd554cb97ffd8582f8581) Importer(815301076,1909f56bfc062723c751e8b465ee728b)
Start importing Assets/GameEntities/Shooting.cs using Guid(cffbebcaef5dd554cb97ffd8582f8581) Importer(815301076,1909f56bfc062723c751e8b465ee728b)  -> (artifact id: '1b99a588216638bc5d84b95cfecfbbd4') in 0.001696 seconds 
  Import took 0.004106 seconds .

========================================================================
Received Import Request.
  Time since last request: 623.500804 seconds.
  path: Assets/GameEntities/Controllers
  artifactKey: Guid(dcebd9fbf5fcaea4b81f3fa47731aa08) Importer(815301076,1909f56bfc062723c751e8b465ee728b)
Start importing Assets/GameEntities/Controllers using Guid(dcebd9fbf5fcaea4b81f3fa47731aa08) Importer(815301076,1909f56bfc062723c751e8b465ee728b)  -> (artifact id: '437159cbfd269b2eefbca66ba3884cb3') in 0.004682 seconds 
  Import took 0.007093 seconds .

========================================================================
Received Import Request.
  Time since last request: 8.544686 seconds.
  path: Assets/GameEntities/Health.cs
  artifactKey: Guid(6775409e25a01034292db83ce4b66b87) Importer(815301076,1909f56bfc062723c751e8b465ee728b)
Start importing Assets/GameEntities/Health.cs using Guid(6775409e25a01034292db83ce4b66b87) Importer(815301076,1909f56bfc062723c751e8b465ee728b)  -> (artifact id: '520326dc831362563561c26dc2c1ca77') in 0.001651 seconds 
  Import took 0.003831 seconds .

========================================================================
Received Import Request.
  Time since last request: 6.782136 seconds.
  path: Assets/GameEntities/Score.cs
  artifactKey: Guid(37c1d09d35a52e843b6f55a71e14c20b) Importer(815301076,1909f56bfc062723c751e8b465ee728b)
Start importing Assets/GameEntities/Score.cs using Guid(37c1d09d35a52e843b6f55a71e14c20b) Importer(815301076,1909f56bfc062723c751e8b465ee728b)  -> (artifact id: '512c46d4d4ea08c7a8b0a45a4551f978') in 0.004876 seconds 
  Import took 0.007104 seconds .

========================================================================
Received Import Request.
  Time since last request: 287.225644 seconds.
  path: Assets/GameEntities/Moving.cs
  artifactKey: Guid(184c55e9b6f5fab438db6b1b17e92612) Importer(815301076,1909f56bfc062723c751e8b465ee728b)
Start importing Assets/GameEntities/Moving.cs using Guid(184c55e9b6f5fab438db6b1b17e92612) Importer(815301076,1909f56bfc062723c751e8b465ee728b)  -> (artifact id: '26c94773c03a1dee924150e3027db908') in 0.005126 seconds 
  Import took 0.007391 seconds .

========================================================================
Received Import Request.
  Time since last request: 9.793083 seconds.
  path: Assets/GameEntities/Moving.cs
  artifactKey: Guid(184c55e9b6f5fab438db6b1b17e92612) Importer(815301076,1909f56bfc062723c751e8b465ee728b)
Start importing Assets/GameEntities/Moving.cs using Guid(184c55e9b6f5fab438db6b1b17e92612) Importer(815301076,1909f56bfc062723c751e8b465ee728b)  -> (artifact id: '873154ae15232aebbe930f321dd73e58') in 0.001996 seconds 
  Import took 0.004312 seconds .

========================================================================
Received Import Request.
  Time since last request: 166.669299 seconds.
  path: Assets/GameEntities/Moving.cs
  artifactKey: Guid(184c55e9b6f5fab438db6b1b17e92612) Importer(815301076,1909f56bfc062723c751e8b465ee728b)
Start importing Assets/GameEntities/Moving.cs using Guid(184c55e9b6f5fab438db6b1b17e92612) Importer(815301076,1909f56bfc062723c751e8b465ee728b)  -> (artifact id: '6458e41465d3a901f5b86e52426a4bdb') in 0.002160 seconds 
  Import took 0.004591 seconds .

========================================================================
Received Import Request.
  Time since last request: 15.876013 seconds.
  path: Assets/GameEntities/Controllers/PlayerController.cs
  artifactKey: Guid(fcf81a87a9e11db4394d27b1a3112a5c) Importer(815301076,1909f56bfc062723c751e8b465ee728b)
Start importing Assets/GameEntities/Controllers/PlayerController.cs using Guid(fcf81a87a9e11db4394d27b1a3112a5c) Importer(815301076,1909f56bfc062723c751e8b465ee728b)  -> (artifact id: '9f9943fe758ca3ad74697e71c0bde73d') in 0.004324 seconds 
  Import took 0.006519 seconds .

========================================================================
Received Import Request.
  Time since last request: 5.888802 seconds.
  path: Assets/GameEntities/Controllers/Ship.cs
  artifactKey: Guid(2249d8934d8e19e4685bb76ba88f4639) Importer(815301076,1909f56bfc062723c751e8b465ee728b)
Start importing Assets/GameEntities/Controllers/Ship.cs using Guid(2249d8934d8e19e4685bb76ba88f4639) Importer(815301076,1909f56bfc062723c751e8b465ee728b)  -> (artifact id: '6de510b3343ea6f24f75f28763b24829') in 0.004562 seconds 
  Import took 0.006806 seconds .

========================================================================
Received Import Request.
  Time since last request: 0.021520 seconds.
  path: Assets/GameEntities/Controllers/Ship.cs
  artifactKey: Guid(2249d8934d8e19e4685bb76ba88f4639) Importer(815301076,1909f56bfc062723c751e8b465ee728b)
Start importing Assets/GameEntities/Controllers/Ship.cs using Guid(2249d8934d8e19e4685bb76ba88f4639) Importer(815301076,1909f56bfc062723c751e8b465ee728b)  -> (artifact id: '6de510b3343ea6f24f75f28763b24829') in 0.002227 seconds 
  Import took 0.004598 seconds .

========================================================================
Received Import Request.
  Time since last request: 49.232839 seconds.
  path: Assets/Health/HealthDisplay.cs
  artifactKey: Guid(f0bb5d197df01a94ea0b45f9ee45a7dc) Importer(815301076,1909f56bfc062723c751e8b465ee728b)
Start importing Assets/Health/HealthDisplay.cs using Guid(f0bb5d197df01a94ea0b45f9ee45a7dc) Importer(815301076,1909f56bfc062723c751e8b465ee728b)  -> (artifact id: '0d11df52642522e141f193be9a2d4eb1') in 0.005085 seconds 
  Import took 0.007335 seconds .

========================================================================
Received Import Request.
  Time since last request: 43.781333 seconds.
  path: Assets/Spawning/Spawner.cs
  artifactKey: Guid(79d50376bd63cb14985dccd0c636c165) Importer(815301076,1909f56bfc062723c751e8b465ee728b)
Start importing Assets/Spawning/Spawner.cs using Guid(79d50376bd63cb14985dccd0c636c165) Importer(815301076,1909f56bfc062723c751e8b465ee728b)  -> (artifact id: '87a4c595f107370dad2e97837bffc517') in 0.004998 seconds 
  Import took 0.007199 seconds .

========================================================================
Received Import Request.
  Time since last request: 386.330644 seconds.
  path: Assets/GameEntities/Player
  artifactKey: Guid(71abad97f36f0384fa207b3c336e0db5) Importer(815301076,1909f56bfc062723c751e8b465ee728b)
Start importing Assets/GameEntities/Player using Guid(71abad97f36f0384fa207b3c336e0db5) Importer(815301076,1909f56bfc062723c751e8b465ee728b)  -> (artifact id: '5a9994cd3439d2d5b809fcc21f3b0307') in 0.005218 seconds 
  Import took 0.007622 seconds .

========================================================================
Received Import Request.
  Time since last request: 20.550958 seconds.
  path: Assets/GameEntities/Player/BlinkingInvinciblity.cs
  artifactKey: Guid(b4425779b7db9fd4fa9c492149efe38c) Importer(815301076,1909f56bfc062723c751e8b465ee728b)
Start importing Assets/GameEntities/Player/BlinkingInvinciblity.cs using Guid(b4425779b7db9fd4fa9c492149efe38c) Importer(815301076,1909f56bfc062723c751e8b465ee728b)  -> (artifact id: '098803ba2d71cb29663350918d0ff2a3') in 0.005164 seconds 
  Import took 0.007381 seconds .

========================================================================
Received Import Request.
  Time since last request: 19.626995 seconds.
  path: Assets/GameEntities/Player/BlinkingInvinciblity.cs
  artifactKey: Guid(b4425779b7db9fd4fa9c492149efe38c) Importer(815301076,1909f56bfc062723c751e8b465ee728b)
Start importing Assets/GameEntities/Player/BlinkingInvinciblity.cs using Guid(b4425779b7db9fd4fa9c492149efe38c) Importer(815301076,1909f56bfc062723c751e8b465ee728b)  -> (artifact id: '8366a36c46cdcd011a26c7673974a95e') in 0.001922 seconds 
  Import took 0.004208 seconds .

========================================================================
Received Import Request.
  Time since last request: 27.341068 seconds.
  path: Assets/GameEntities/Player/BlinkingInvinciblity.cs
  artifactKey: Guid(b4425779b7db9fd4fa9c492149efe38c) Importer(815301076,1909f56bfc062723c751e8b465ee728b)
Start importing Assets/GameEntities/Player/BlinkingInvinciblity.cs using Guid(b4425779b7db9fd4fa9c492149efe38c) Importer(815301076,1909f56bfc062723c751e8b465ee728b)  -> (artifact id: '8c210275c3d2221e60a1cf708c60714c') in 0.001759 seconds 
  Import took 0.004261 seconds .

========================================================================
Received Import Request.
  Time since last request: 13.221381 seconds.
  path: Assets/GameEntities/Player/BlinkingInvinciblity.cs
  artifactKey: Guid(b4425779b7db9fd4fa9c492149efe38c) Importer(815301076,1909f56bfc062723c751e8b465ee728b)
Start importing Assets/GameEntities/Player/BlinkingInvinciblity.cs using Guid(b4425779b7db9fd4fa9c492149efe38c) Importer(815301076,1909f56bfc062723c751e8b465ee728b)  -> (artifact id: '09f68bb7638976b81e6b42f08e269102') in 0.001652 seconds 
  Import took 0.003797 seconds .

========================================================================
Received Import Request.
  Time since last request: 14.737569 seconds.
  path: Assets/GameEntities/Player/BlinkingInvinciblity.cs
  artifactKey: Guid(b4425779b7db9fd4fa9c492149efe38c) Importer(815301076,1909f56bfc062723c751e8b465ee728b)
Start importing Assets/GameEntities/Player/BlinkingInvinciblity.cs using Guid(b4425779b7db9fd4fa9c492149efe38c) Importer(815301076,1909f56bfc062723c751e8b465ee728b)  -> (artifact id: 'ee050eed114063c38156c09666683be4') in 0.001852 seconds 
  Import took 0.004066 seconds .

========================================================================
Received Import Request.
  Time since last request: 1020.229713 seconds.
  path: Assets/GameEntities/Controllers/PlayerController.cs
  artifactKey: Guid(fcf81a87a9e11db4394d27b1a3112a5c) Importer(815301076,1909f56bfc062723c751e8b465ee728b)
Start importing Assets/GameEntities/Controllers/PlayerController.cs using Guid(fcf81a87a9e11db4394d27b1a3112a5c) Importer(815301076,1909f56bfc062723c751e8b465ee728b)  -> (artifact id: 'bd660c50560bc3e3f2cd314c443d75e6') in 0.001957 seconds 
  Import took 0.004733 seconds .

========================================================================
Received Import Request.
  Time since last request: 2.167000 seconds.
  path: Assets/GameEntities/Controllers/Rock.cs
  artifactKey: Guid(82fdee3b3ab3caa44a6304a4c512cf66) Importer(815301076,1909f56bfc062723c751e8b465ee728b)
Start importing Assets/GameEntities/Controllers/Rock.cs using Guid(82fdee3b3ab3caa44a6304a4c512cf66) Importer(815301076,1909f56bfc062723c751e8b465ee728b)  -> (artifact id: '0ffafaf4ed929a1888c89f9d4e5e2d00') in 0.005443 seconds 
  Import took 0.007886 seconds .

========================================================================
Received Import Request.
  Time since last request: 13.938319 seconds.
  path: Assets/GameEntities/Controllers/UfoAI.cs
  artifactKey: Guid(84a3039201a0ecf44b13f1b33e8fc3c3) Importer(815301076,1909f56bfc062723c751e8b465ee728b)
Start importing Assets/GameEntities/Controllers/UfoAI.cs using Guid(84a3039201a0ecf44b13f1b33e8fc3c3) Importer(815301076,1909f56bfc062723c751e8b465ee728b)  -> (artifact id: '8ee70473b8e2516dc6355ad73b132170') in 0.004476 seconds 
  Import took 0.006990 seconds .

========================================================================
Received Import Request.
  Time since last request: 68.074412 seconds.
  path: Assets/GameEntities/Controllers/UfoAI.cs
  artifactKey: Guid(84a3039201a0ecf44b13f1b33e8fc3c3) Importer(815301076,1909f56bfc062723c751e8b465ee728b)
Start importing Assets/GameEntities/Controllers/UfoAI.cs using Guid(84a3039201a0ecf44b13f1b33e8fc3c3) Importer(815301076,1909f56bfc062723c751e8b465ee728b)  -> (artifact id: '3c8873c1ca2945f87adbf77fa43bfc85') in 0.001879 seconds 
  Import took 0.004105 seconds .

========================================================================
Received Import Request.
  Time since last request: 16.212593 seconds.
  path: Assets/GameEntities/Controllers/UFO.cs
  artifactKey: Guid(edbb01fb97e3b8e4d8ae7350727dda87) Importer(815301076,1909f56bfc062723c751e8b465ee728b)
Start importing Assets/GameEntities/Controllers/UFO.cs using Guid(edbb01fb97e3b8e4d8ae7350727dda87) Importer(815301076,1909f56bfc062723c751e8b465ee728b)  -> (artifact id: '7351c79e0ea6bcd3004e390a607ce37a') in 0.001740 seconds 
  Import took 0.004072 seconds .

========================================================================
Received Import Request.
  Time since last request: 3.164522 seconds.
  path: Assets/GameEntities/Controllers/UFO.cs
  artifactKey: Guid(edbb01fb97e3b8e4d8ae7350727dda87) Importer(815301076,1909f56bfc062723c751e8b465ee728b)
Start importing Assets/GameEntities/Controllers/UFO.cs using Guid(edbb01fb97e3b8e4d8ae7350727dda87) Importer(815301076,1909f56bfc062723c751e8b465ee728b)  -> (artifact id: 'a1f69412b9180ad5ca8b008297885766') in 0.001898 seconds 
  Import took 0.004121 seconds .

========================================================================
Received Import Request.
  Time since last request: 0.000698 seconds.
  path: Assets/GameEntities/Controllers/UFO.cs
  artifactKey: Guid(edbb01fb97e3b8e4d8ae7350727dda87) Importer(815301076,1909f56bfc062723c751e8b465ee728b)
Start importing Assets/GameEntities/Controllers/UFO.cs using Guid(edbb01fb97e3b8e4d8ae7350727dda87) Importer(815301076,1909f56bfc062723c751e8b465ee728b)  -> (artifact id: 'a1f69412b9180ad5ca8b008297885766') in 0.001450 seconds 
  Import took 0.003500 seconds .

========================================================================
Received Import Request.
  Time since last request: 15.444693 seconds.
  path: Assets/GameEntities/Controllers/PoolObject.cs
  artifactKey: Guid(35dff4d7aaa6fce4b87b92555f20e23f) Importer(815301076,1909f56bfc062723c751e8b465ee728b)
Start importing Assets/GameEntities/Controllers/PoolObject.cs using Guid(35dff4d7aaa6fce4b87b92555f20e23f) Importer(815301076,1909f56bfc062723c751e8b465ee728b)  -> (artifact id: '80a014d2990ea9096ab9903fdecdb72b') in 0.004627 seconds 
  Import took 0.006975 seconds .

========================================================================
Received Import Request.
  Time since last request: 33.980582 seconds.
  path: Assets/Shooting/Shootable.cs
  artifactKey: Guid(06618fa8ca6a79a429e6ca845e0c3fa6) Importer(815301076,1909f56bfc062723c751e8b465ee728b)
Start importing Assets/Shooting/Shootable.cs using Guid(06618fa8ca6a79a429e6ca845e0c3fa6) Importer(815301076,1909f56bfc062723c751e8b465ee728b)  -> (artifact id: 'eeba738484684895249cc84824727871') in 0.005163 seconds 
  Import took 0.007368 seconds .

========================================================================
Received Import Request.
  Time since last request: 295.214294 seconds.
  path: Assets/GameEntities/Controllers/UfoAI.cs
  artifactKey: Guid(84a3039201a0ecf44b13f1b33e8fc3c3) Importer(815301076,1909f56bfc062723c751e8b465ee728b)
Start importing Assets/GameEntities/Controllers/UfoAI.cs using Guid(84a3039201a0ecf44b13f1b33e8fc3c3) Importer(815301076,1909f56bfc062723c751e8b465ee728b)  -> (artifact id: '7cff254b35c588469372cc488f590545') in 0.001775 seconds 
  Import took 0.004069 seconds .

========================================================================
Received Import Request.
  Time since last request: 11.045707 seconds.
  path: Assets/Pool
  artifactKey: Guid(1722e8c1d1b98bf42b908400fc06ae1a) Importer(815301076,1909f56bfc062723c751e8b465ee728b)
Start importing Assets/Pool using Guid(1722e8c1d1b98bf42b908400fc06ae1a) Importer(815301076,1909f56bfc062723c751e8b465ee728b)  -> (artifact id: '3efbb89be025df21d17b2495c529bd89') in 0.004554 seconds 
  Import took 0.006846 seconds .

========================================================================
Received Import Request.
  Time since last request: 106.876155 seconds.
  path: Assets/Pool/Pool.cs
  artifactKey: Guid(a49709f83b1f6284c99c81dc8c93cf1f) Importer(815301076,1909f56bfc062723c751e8b465ee728b)
Start importing Assets/Pool/Pool.cs using Guid(a49709f83b1f6284c99c81dc8c93cf1f) Importer(815301076,1909f56bfc062723c751e8b465ee728b)  -> (artifact id: 'af289c74943b5ef9fe85435ee90c5ecc') in 0.001829 seconds 
  Import took 0.004188 seconds .

========================================================================
Received Import Request.
  Time since last request: 74.729216 seconds.
  path: Assets/GameEntities/Shooting.cs
  artifactKey: Guid(cffbebcaef5dd554cb97ffd8582f8581) Importer(815301076,1909f56bfc062723c751e8b465ee728b)
Start importing Assets/GameEntities/Shooting.cs using Guid(cffbebcaef5dd554cb97ffd8582f8581) Importer(815301076,1909f56bfc062723c751e8b465ee728b)  -> (artifact id: '6c6da175008120079bdca82212b6e05f') in 0.001670 seconds 
  Import took 0.004184 seconds .

========================================================================
Received Import Request.
  Time since last request: 52.846168 seconds.
  path: Assets/GameEntities/Rocks
  artifactKey: Guid(eabd72ece8aec9946a425b2d4b98cb8b) Importer(815301076,1909f56bfc062723c751e8b465ee728b)
Start importing Assets/GameEntities/Rocks using Guid(eabd72ece8aec9946a425b2d4b98cb8b) Importer(815301076,1909f56bfc062723c751e8b465ee728b)  -> (artifact id: '420ad2c7869c783d35d7e59cb6524ab6') in 0.005249 seconds 
  Import took 0.007773 seconds .

========================================================================
Received Import Request.
  Time since last request: 8.841557 seconds.
  path: Assets/GameEntities/Asteroids
  artifactKey: Guid(adaee76b5fcba5142995181e6b520612) Importer(815301076,1909f56bfc062723c751e8b465ee728b)
Start importing Assets/GameEntities/Asteroids using Guid(adaee76b5fcba5142995181e6b520612) Importer(815301076,1909f56bfc062723c751e8b465ee728b)  -> (artifact id: '629dc0676c88c2900dbb0139cad6c578') in 0.004697 seconds 
  Import took 0.006985 seconds .

========================================================================
Received Import Request.
  Time since last request: 4.227540 seconds.
  path: Assets/GameEntities/UFO
  artifactKey: Guid(53e563da245fd9c499dd4392d012fe4f) Importer(815301076,1909f56bfc062723c751e8b465ee728b)
Start importing Assets/GameEntities/UFO using Guid(53e563da245fd9c499dd4392d012fe4f) Importer(815301076,1909f56bfc062723c751e8b465ee728b)  -> (artifact id: '084ecd131d40ba741af3f05a6290e47e') in 0.001655 seconds 
  Import took 0.003890 seconds .

========================================================================
Received Import Request.
  Time since last request: 26.320590 seconds.
  path: Assets/Shooting/BulletsPool.cs
  artifactKey: Guid(8a03cac3a206b684f9699d4982b0b5c5) Importer(815301076,1909f56bfc062723c751e8b465ee728b)
Start importing Assets/Shooting/BulletsPool.cs using Guid(8a03cac3a206b684f9699d4982b0b5c5) Importer(815301076,1909f56bfc062723c751e8b465ee728b)  -> (artifact id: '48136f62bd9669ebc71ab66b6e3ace74') in 0.005462 seconds 
  Import took 0.007741 seconds .

========================================================================
Received Import Request.
  Time since last request: 0.000693 seconds.
  path: Assets/Shooting/BulletsPool.cs
  artifactKey: Guid(8a03cac3a206b684f9699d4982b0b5c5) Importer(815301076,1909f56bfc062723c751e8b465ee728b)
Start importing Assets/Shooting/BulletsPool.cs using Guid(8a03cac3a206b684f9699d4982b0b5c5) Importer(815301076,1909f56bfc062723c751e8b465ee728b)  -> (artifact id: '48136f62bd9669ebc71ab66b6e3ace74') in 0.001731 seconds 
  Import took 0.003935 seconds .

========================================================================
Received Import Request.
  Time since last request: 133.809205 seconds.
  path: Assets/GameEntities/Shooting.cs
  artifactKey: Guid(cffbebcaef5dd554cb97ffd8582f8581) Importer(815301076,1909f56bfc062723c751e8b465ee728b)
Start importing Assets/GameEntities/Shooting.cs using Guid(cffbebcaef5dd554cb97ffd8582f8581) Importer(815301076,1909f56bfc062723c751e8b465ee728b)  -> (artifact id: 'a7f442791627fc847e06b1233413cde2') in 0.001878 seconds 
  Import took 0.004103 seconds .

========================================================================
Received Import Request.
  Time since last request: 3.191391 seconds.
  path: Assets/GameEntities/Shooting.cs
  artifactKey: Guid(cffbebcaef5dd554cb97ffd8582f8581) Importer(815301076,1909f56bfc062723c751e8b465ee728b)
Start importing Assets/GameEntities/Shooting.cs using Guid(cffbebcaef5dd554cb97ffd8582f8581) Importer(815301076,1909f56bfc062723c751e8b465ee728b)  -> (artifact id: 'ec3d7fe3b7f351ab6661766d0b2cfb56') in 0.001806 seconds 
  Import took 0.003999 seconds .

========================================================================
Received Import Request.
  Time since last request: 197.128736 seconds.
  path: Assets/Pool/PoolObject.cs
  artifactKey: Guid(35dff4d7aaa6fce4b87b92555f20e23f) Importer(815301076,1909f56bfc062723c751e8b465ee728b)
Start importing Assets/Pool/PoolObject.cs using Guid(35dff4d7aaa6fce4b87b92555f20e23f) Importer(815301076,1909f56bfc062723c751e8b465ee728b)  -> (artifact id: '11472cc108721fff2933b6723c726a83') in 0.001815 seconds 
  Import took 0.004126 seconds .

========================================================================
Received Import Request.
  Time since last request: 97.086449 seconds.
  path: Assets/Pool/PoolObject.cs
  artifactKey: Guid(35dff4d7aaa6fce4b87b92555f20e23f) Importer(815301076,1909f56bfc062723c751e8b465ee728b)
Start importing Assets/Pool/PoolObject.cs using Guid(35dff4d7aaa6fce4b87b92555f20e23f) Importer(815301076,1909f56bfc062723c751e8b465ee728b)  -> (artifact id: '016eaa160a5869a7e3301607db860b6a') in 0.001664 seconds 
  Import took 0.004178 seconds .

========================================================================
Received Import Request.
  Time since last request: 7.464324 seconds.
  path: Assets/Pool/PoolObject.cs
  artifactKey: Guid(35dff4d7aaa6fce4b87b92555f20e23f) Importer(815301076,1909f56bfc062723c751e8b465ee728b)
Start importing Assets/Pool/PoolObject.cs using Guid(35dff4d7aaa6fce4b87b92555f20e23f) Importer(815301076,1909f56bfc062723c751e8b465ee728b)  -> (artifact id: '3289162eecba9e3c7c66bbd06977bfbf') in 0.001715 seconds 
  Import took 0.003887 seconds .

========================================================================
Received Import Request.
  Time since last request: 206.309541 seconds.
  path: Assets/Pool/ISpawnable.cs
  artifactKey: Guid(bdccf88c6fbd7c8449c9b2c5a5ae2bcb) Importer(815301076,1909f56bfc062723c751e8b465ee728b)
Start importing Assets/Pool/ISpawnable.cs using Guid(bdccf88c6fbd7c8449c9b2c5a5ae2bcb) Importer(815301076,1909f56bfc062723c751e8b465ee728b)  -> (artifact id: '243e92c706e6689708ad55c4a069cad0') in 0.004790 seconds 
  Import took 0.007204 seconds .

========================================================================
Received Import Request.
  Time since last request: 9.001940 seconds.
  path: Assets/Pool/ISpawnable.cs
  artifactKey: Guid(bdccf88c6fbd7c8449c9b2c5a5ae2bcb) Importer(815301076,1909f56bfc062723c751e8b465ee728b)
Start importing Assets/Pool/ISpawnable.cs using Guid(bdccf88c6fbd7c8449c9b2c5a5ae2bcb) Importer(815301076,1909f56bfc062723c751e8b465ee728b)  -> (artifact id: 'f1db3f538a33054b0ab1db452ffc2ecd') in 0.001767 seconds 
  Import took 0.004130 seconds .

========================================================================
Received Import Request.
  Time since last request: 2.501542 seconds.
  path: Assets/Pool/ISpawnable.cs
  artifactKey: Guid(bdccf88c6fbd7c8449c9b2c5a5ae2bcb) Importer(815301076,1909f56bfc062723c751e8b465ee728b)
Start importing Assets/Pool/ISpawnable.cs using Guid(bdccf88c6fbd7c8449c9b2c5a5ae2bcb) Importer(815301076,1909f56bfc062723c751e8b465ee728b)  -> (artifact id: 'c61f3162a0ceccacdfd50da36d0bf85f') in 0.001553 seconds 
  Import took 0.003739 seconds .

========================================================================
Received Import Request.
  Time since last request: 123.467416 seconds.
  path: Assets/Bullets/Bullet.cs
  artifactKey: Guid(bc1ef1a934add664da0a78ecd9d4dfb4) Importer(815301076,1909f56bfc062723c751e8b465ee728b)
Start importing Assets/Bullets/Bullet.cs using Guid(bc1ef1a934add664da0a78ecd9d4dfb4) Importer(815301076,1909f56bfc062723c751e8b465ee728b)  -> (artifact id: '54afba79865148739a899697fd9d0b32') in 0.005308 seconds 
  Import took 0.007506 seconds .

========================================================================
Received Import Request.
  Time since last request: 3425.345526 seconds.
  path: Assets/Bullets/Bullet.cs
  artifactKey: Guid(bc1ef1a934add664da0a78ecd9d4dfb4) Importer(815301076,1909f56bfc062723c751e8b465ee728b)
Start importing Assets/Bullets/Bullet.cs using Guid(bc1ef1a934add664da0a78ecd9d4dfb4) Importer(815301076,1909f56bfc062723c751e8b465ee728b)  -> (artifact id: '5c3c020273ef094025efda5995afaee3') in 0.001754 seconds 
  Import took 0.004120 seconds .

========================================================================
Received Import Request.
  Time since last request: 194.872559 seconds.
  path: Assets/Pool/SelfdestroyingPool.cs
  artifactKey: Guid(24e67c20068a3a7469278afae9a71a64) Importer(815301076,1909f56bfc062723c751e8b465ee728b)
Start importing Assets/Pool/SelfdestroyingPool.cs using Guid(24e67c20068a3a7469278afae9a71a64) Importer(815301076,1909f56bfc062723c751e8b465ee728b)  -> (artifact id: 'ccb26f242bb6a3ec645d7e62c1d3b878') in 0.005666 seconds 
  Import took 0.008245 seconds .

========================================================================
Received Import Request.
  Time since last request: 11.644086 seconds.
  path: Assets/Pool/SelfDestroyingPool.cs
  artifactKey: Guid(24e67c20068a3a7469278afae9a71a64) Importer(815301076,1909f56bfc062723c751e8b465ee728b)
Start importing Assets/Pool/SelfDestroyingPool.cs using Guid(24e67c20068a3a7469278afae9a71a64) Importer(815301076,1909f56bfc062723c751e8b465ee728b)  -> (artifact id: 'f5eb155d65cc8a4bd5d76a647d5e1d2b') in 0.004805 seconds 
  Import took 0.007083 seconds .

========================================================================
Received Import Request.
  Time since last request: 0.629698 seconds.
  path: Assets/Pool/Pool.cs
  artifactKey: Guid(a49709f83b1f6284c99c81dc8c93cf1f) Importer(815301076,1909f56bfc062723c751e8b465ee728b)
Start importing Assets/Pool/Pool.cs using Guid(a49709f83b1f6284c99c81dc8c93cf1f) Importer(815301076,1909f56bfc062723c751e8b465ee728b)  -> (artifact id: 'fa8b72ee1099b24ffef6d1e3ff39f96d') in 0.004625 seconds 
  Import took 0.006852 seconds .

========================================================================
Received Import Request.
  Time since last request: 0.334998 seconds.
  path: Assets/Pool/PoolObject.cs
  artifactKey: Guid(35dff4d7aaa6fce4b87b92555f20e23f) Importer(815301076,1909f56bfc062723c751e8b465ee728b)
Start importing Assets/Pool/PoolObject.cs using Guid(35dff4d7aaa6fce4b87b92555f20e23f) Importer(815301076,1909f56bfc062723c751e8b465ee728b)  -> (artifact id: '8bebe691b08c9c9a59230c041a492b76') in 0.004536 seconds 
  Import took 0.006737 seconds .

========================================================================
Received Import Request.
  Time since last request: 3.121468 seconds.
  path: Assets/Pool/SelfdestroyingPool.cs
  artifactKey: Guid(24e67c20068a3a7469278afae9a71a64) Importer(815301076,1909f56bfc062723c751e8b465ee728b)
Start importing Assets/Pool/SelfdestroyingPool.cs using Guid(24e67c20068a3a7469278afae9a71a64) Importer(815301076,1909f56bfc062723c751e8b465ee728b)  -> (artifact id: 'c9e7be037861583772aa449b22d778bd') in 0.001816 seconds 
  Import took 0.004073 seconds .

========================================================================
Received Import Request.
  Time since last request: 86.148723 seconds.
  path: Assets/Bullets
  artifactKey: Guid(dc87d23eafebbd64eac8bf38e0e51b8d) Importer(815301076,1909f56bfc062723c751e8b465ee728b)
Start importing Assets/Bullets using Guid(dc87d23eafebbd64eac8bf38e0e51b8d) Importer(815301076,1909f56bfc062723c751e8b465ee728b)  -> (artifact id: '451f5758d172aebfdc28a541c28ba727') in 0.005022 seconds 
  Import took 0.007422 seconds .

========================================================================
Received Import Request.
  Time since last request: 1.275587 seconds.
  path: Assets/Bullets/BulletsPool.cs
  artifactKey: Guid(8a03cac3a206b684f9699d4982b0b5c5) Importer(815301076,1909f56bfc062723c751e8b465ee728b)
Start importing Assets/Bullets/BulletsPool.cs using Guid(8a03cac3a206b684f9699d4982b0b5c5) Importer(815301076,1909f56bfc062723c751e8b465ee728b)  -> (artifact id: '4e97c56f5af04d1a02ab2754a7df18b2') in 0.001627 seconds 
  Import took 0.003830 seconds .

========================================================================
Received Import Request.
  Time since last request: 14.831855 seconds.
  path: Assets/Pool/SelfDestroyingPool.cs
  artifactKey: Guid(24e67c20068a3a7469278afae9a71a64) Importer(815301076,1909f56bfc062723c751e8b465ee728b)
Start importing Assets/Pool/SelfDestroyingPool.cs using Guid(24e67c20068a3a7469278afae9a71a64) Importer(815301076,1909f56bfc062723c751e8b465ee728b)  -> (artifact id: '739a9864f1591bb5f57ced5ac1546fa4') in 0.001712 seconds 
  Import took 0.003937 seconds .

========================================================================
Received Import Request.
  Time since last request: 11.712787 seconds.
  path: Assets/Pool/SelfDestroyingPool.cs
  artifactKey: Guid(24e67c20068a3a7469278afae9a71a64) Importer(815301076,1909f56bfc062723c751e8b465ee728b)
Start importing Assets/Pool/SelfDestroyingPool.cs using Guid(24e67c20068a3a7469278afae9a71a64) Importer(815301076,1909f56bfc062723c751e8b465ee728b)  -> (artifact id: '693af79e4af378b9bd46c914c4109433') in 0.001725 seconds 
  Import took 0.003985 seconds .

========================================================================
Received Import Request.
  Time since last request: 258.489951 seconds.
  path: Assets/Pool/SelfDestroyingPool.cs
  artifactKey: Guid(24e67c20068a3a7469278afae9a71a64) Importer(815301076,1909f56bfc062723c751e8b465ee728b)
Start importing Assets/Pool/SelfDestroyingPool.cs using Guid(24e67c20068a3a7469278afae9a71a64) Importer(815301076,1909f56bfc062723c751e8b465ee728b)  -> (artifact id: 'a7736aed8bc59a5b3b49204b967c2861') in 0.001702 seconds 
  Import took 0.003920 seconds .

